INFO - 2026-03-12 17:31:00 --> Session: Class initialized using 'CodeIgniter\Session\Handlers\FileHandler' driver.
INFO - 2026-03-12 17:31:02 --> Session: Class initialized using 'CodeIgniter\Session\Handlers\FileHandler' driver.
INFO - 2026-03-12 17:31:02 --> Session: Class initialized using 'CodeIgniter\Session\Handlers\FileHandler' driver.
INFO - 2026-03-12 17:31:11 --> Session: Class initialized using 'CodeIgniter\Session\Handlers\FileHandler' driver.
INFO - 2026-03-12 17:31:11 --> Session: Class initialized using 'CodeIgniter\Session\Handlers\FileHandler' driver.
INFO - 2026-03-12 17:31:11 --> Session: Class initialized using 'CodeIgniter\Session\Handlers\FileHandler' driver.
INFO - 2026-03-12 17:31:18 --> Session: Class initialized using 'CodeIgniter\Session\Handlers\FileHandler' driver.
INFO - 2026-03-12 17:31:19 --> Session: Class initialized using 'CodeIgniter\Session\Handlers\FileHandler' driver.
INFO - 2026-03-12 17:31:21 --> Session: Class initialized using 'CodeIgniter\Session\Handlers\FileHandler' driver.
INFO - 2026-03-12 17:31:21 --> Session: Class initialized using 'CodeIgniter\Session\Handlers\FileHandler' driver.
INFO - 2026-03-12 17:31:23 --> Session: Class initialized using 'CodeIgniter\Session\Handlers\FileHandler' driver.
INFO - 2026-03-12 17:31:23 --> Session: Class initialized using 'CodeIgniter\Session\Handlers\FileHandler' driver.
INFO - 2026-03-12 17:45:19 --> Session: Class initialized using 'CodeIgniter\Session\Handlers\FileHandler' driver.
INFO - 2026-03-12 17:45:20 --> Session: Class initialized using 'CodeIgniter\Session\Handlers\FileHandler' driver.
INFO - 2026-03-12 17:45:28 --> Session: Class initialized using 'CodeIgniter\Session\Handlers\FileHandler' driver.
INFO - 2026-03-12 17:45:28 --> Session: Class initialized using 'CodeIgniter\Session\Handlers\FileHandler' driver.
INFO - 2026-03-12 17:45:29 --> Session: Class initialized using 'CodeIgniter\Session\Handlers\FileHandler' driver.
INFO - 2026-03-12 17:45:30 --> Session: Class initialized using 'CodeIgniter\Session\Handlers\FileHandler' driver.
INFO - 2026-03-12 17:45:30 --> Session: Class initialized using 'CodeIgniter\Session\Handlers\FileHandler' driver.
INFO - 2026-03-12 17:45:30 --> Session: Class initialized using 'CodeIgniter\Session\Handlers\FileHandler' driver.
INFO - 2026-03-12 17:45:31 --> Session: Class initialized using 'CodeIgniter\Session\Handlers\FileHandler' driver.
INFO - 2026-03-12 17:45:31 --> Session: Class initialized using 'CodeIgniter\Session\Handlers\FileHandler' driver.
INFO - 2026-03-12 17:45:59 --> Session: Class initialized using 'CodeIgniter\Session\Handlers\FileHandler' driver.
INFO - 2026-03-12 17:46:00 --> Session: Class initialized using 'CodeIgniter\Session\Handlers\FileHandler' driver.
INFO - 2026-03-12 17:46:01 --> Session: Class initialized using 'CodeIgniter\Session\Handlers\FileHandler' driver.
INFO - 2026-03-12 17:46:02 --> Session: Class initialized using 'CodeIgniter\Session\Handlers\FileHandler' driver.
INFO - 2026-03-12 17:48:44 --> Session: Class initialized using 'CodeIgniter\Session\Handlers\FileHandler' driver.
INFO - 2026-03-12 17:48:52 --> Session: Class initialized using 'CodeIgniter\Session\Handlers\FileHandler' driver.
INFO - 2026-03-12 17:48:53 --> Session: Class initialized using 'CodeIgniter\Session\Handlers\FileHandler' driver.
INFO - 2026-03-12 18:08:17 --> Session: Class initialized using 'CodeIgniter\Session\Handlers\FileHandler' driver.
INFO - 2026-03-12 18:08:18 --> Session: Class initialized using 'CodeIgniter\Session\Handlers\FileHandler' driver.
INFO - 2026-03-12 18:17:45 --> Session: Class initialized using 'CodeIgniter\Session\Handlers\FileHandler' driver.
INFO - 2026-03-12 18:17:45 --> Session: Class initialized using 'CodeIgniter\Session\Handlers\FileHandler' driver.
INFO - 2026-03-12 18:23:12 --> Session: Class initialized using 'CodeIgniter\Session\Handlers\FileHandler' driver.
INFO - 2026-03-12 18:23:13 --> Session: Class initialized using 'CodeIgniter\Session\Handlers\FileHandler' driver.
INFO - 2026-03-12 18:24:00 --> Session: Class initialized using 'CodeIgniter\Session\Handlers\FileHandler' driver.
INFO - 2026-03-12 18:24:01 --> Session: Class initialized using 'CodeIgniter\Session\Handlers\FileHandler' driver.
INFO - 2026-03-12 18:24:38 --> Session: Class initialized using 'CodeIgniter\Session\Handlers\FileHandler' driver.
INFO - 2026-03-12 18:24:38 --> Session: Class initialized using 'CodeIgniter\Session\Handlers\FileHandler' driver.
INFO - 2026-03-12 18:24:50 --> Session: Class initialized using 'CodeIgniter\Session\Handlers\FileHandler' driver.
INFO - 2026-03-12 18:24:50 --> Session: Class initialized using 'CodeIgniter\Session\Handlers\FileHandler' driver.
INFO - 2026-03-12 18:25:07 --> Session: Class initialized using 'CodeIgniter\Session\Handlers\FileHandler' driver.
INFO - 2026-03-12 18:25:07 --> Session: Class initialized using 'CodeIgniter\Session\Handlers\FileHandler' driver.
INFO - 2026-03-12 18:25:57 --> Session: Class initialized using 'CodeIgniter\Session\Handlers\FileHandler' driver.
INFO - 2026-03-12 18:25:58 --> Session: Class initialized using 'CodeIgniter\Session\Handlers\FileHandler' driver.
INFO - 2026-03-12 18:33:18 --> Session: Class initialized using 'CodeIgniter\Session\Handlers\FileHandler' driver.
INFO - 2026-03-12 18:33:18 --> Session: Class initialized using 'CodeIgniter\Session\Handlers\FileHandler' driver.
INFO - 2026-03-12 18:33:38 --> Session: Class initialized using 'CodeIgniter\Session\Handlers\FileHandler' driver.
INFO - 2026-03-12 18:35:49 --> Session: Class initialized using 'CodeIgniter\Session\Handlers\FileHandler' driver.
INFO - 2026-03-12 18:35:50 --> Session: Class initialized using 'CodeIgniter\Session\Handlers\FileHandler' driver.
INFO - 2026-03-12 18:36:49 --> Session: Class initialized using 'CodeIgniter\Session\Handlers\FileHandler' driver.
INFO - 2026-03-12 18:36:50 --> Session: Class initialized using 'CodeIgniter\Session\Handlers\FileHandler' driver.
INFO - 2026-03-12 18:36:53 --> Session: Class initialized using 'CodeIgniter\Session\Handlers\FileHandler' driver.
INFO - 2026-03-12 18:36:53 --> Session: Class initialized using 'CodeIgniter\Session\Handlers\FileHandler' driver.
INFO - 2026-03-12 18:38:21 --> Session: Class initialized using 'CodeIgniter\Session\Handlers\FileHandler' driver.
INFO - 2026-03-12 18:38:21 --> Session: Class initialized using 'CodeIgniter\Session\Handlers\FileHandler' driver.
INFO - 2026-03-12 18:39:09 --> Session: Class initialized using 'CodeIgniter\Session\Handlers\FileHandler' driver.
INFO - 2026-03-12 18:39:10 --> Session: Class initialized using 'CodeIgniter\Session\Handlers\FileHandler' driver.
INFO - 2026-03-12 18:39:26 --> Session: Class initialized using 'CodeIgniter\Session\Handlers\FileHandler' driver.
INFO - 2026-03-12 18:42:20 --> Session: Class initialized using 'CodeIgniter\Session\Handlers\FileHandler' driver.
INFO - 2026-03-12 18:42:21 --> Session: Class initialized using 'CodeIgniter\Session\Handlers\FileHandler' driver.
INFO - 2026-03-12 18:42:28 --> Session: Class initialized using 'CodeIgniter\Session\Handlers\FileHandler' driver.
INFO - 2026-03-12 18:42:28 --> Session: Class initialized using 'CodeIgniter\Session\Handlers\FileHandler' driver.
INFO - 2026-03-12 18:43:44 --> Session: Class initialized using 'CodeIgniter\Session\Handlers\FileHandler' driver.
INFO - 2026-03-12 18:43:44 --> Session: Class initialized using 'CodeIgniter\Session\Handlers\FileHandler' driver.
INFO - 2026-03-12 18:47:22 --> Session: Class initialized using 'CodeIgniter\Session\Handlers\FileHandler' driver.
INFO - 2026-03-12 18:47:23 --> Session: Class initialized using 'CodeIgniter\Session\Handlers\FileHandler' driver.
INFO - 2026-03-12 18:48:21 --> Session: Class initialized using 'CodeIgniter\Session\Handlers\FileHandler' driver.
INFO - 2026-03-12 18:48:22 --> Session: Class initialized using 'CodeIgniter\Session\Handlers\FileHandler' driver.
INFO - 2026-03-12 18:49:31 --> Session: Class initialized using 'CodeIgniter\Session\Handlers\FileHandler' driver.
INFO - 2026-03-12 18:49:32 --> Session: Class initialized using 'CodeIgniter\Session\Handlers\FileHandler' driver.
CRITICAL - 2026-03-12 18:49:41 --> Trying to access array offset on value of type bool
in APPPATH\Controllers\Pedidos.php on line 449.
 1 APPPATH\Controllers\Pedidos.php(449): CodeIgniter\Debug\Exceptions->errorHandler(2, 'Trying to access array offset on value of type bool', 'C:\\xampp\\htdocs\\proyectopanaderia-server\\app\\Controllers\\Pedidos.php', 449)
 2 SYSTEMPATH\CodeIgniter.php(915): App\Controllers\Pedidos->ActualizarMermasSinRepercutir()
 3 SYSTEMPATH\CodeIgniter.php(492): CodeIgniter\CodeIgniter->runController(Object(App\Controllers\Pedidos))
 4 SYSTEMPATH\CodeIgniter.php(353): CodeIgniter\CodeIgniter->handleRequest(null, Object(Config\Cache), false)
 5 FCPATH\index.php(79): CodeIgniter\CodeIgniter->run()
 6 SYSTEMPATH\Commands\Server\rewrite.php(47): require_once('C:\\xampp\\htdocs\\proyectopanaderia-server\\public\\index.php')
INFO - 2026-03-12 18:50:31 --> Session: Class initialized using 'CodeIgniter\Session\Handlers\FileHandler' driver.
INFO - 2026-03-12 18:50:31 --> Session: Class initialized using 'CodeIgniter\Session\Handlers\FileHandler' driver.
CRITICAL - 2026-03-12 18:50:39 --> Trying to access array offset on value of type bool
in APPPATH\Controllers\Pedidos.php on line 449.
 1 APPPATH\Controllers\Pedidos.php(449): CodeIgniter\Debug\Exceptions->errorHandler(2, 'Trying to access array offset on value of type bool', 'C:\\xampp\\htdocs\\proyectopanaderia-server\\app\\Controllers\\Pedidos.php', 449)
 2 SYSTEMPATH\CodeIgniter.php(915): App\Controllers\Pedidos->ActualizarMermasSinRepercutir()
 3 SYSTEMPATH\CodeIgniter.php(492): CodeIgniter\CodeIgniter->runController(Object(App\Controllers\Pedidos))
 4 SYSTEMPATH\CodeIgniter.php(353): CodeIgniter\CodeIgniter->handleRequest(null, Object(Config\Cache), false)
 5 FCPATH\index.php(79): CodeIgniter\CodeIgniter->run()
 6 SYSTEMPATH\Commands\Server\rewrite.php(47): require_once('C:\\xampp\\htdocs\\proyectopanaderia-server\\public\\index.php')
INFO - 2026-03-12 18:54:33 --> Session: Class initialized using 'CodeIgniter\Session\Handlers\FileHandler' driver.
INFO - 2026-03-12 18:54:34 --> Session: Class initialized using 'CodeIgniter\Session\Handlers\FileHandler' driver.
INFO - 2026-03-12 18:54:44 --> Session: Class initialized using 'CodeIgniter\Session\Handlers\FileHandler' driver.
INFO - 2026-03-12 18:54:45 --> Session: Class initialized using 'CodeIgniter\Session\Handlers\FileHandler' driver.
INFO - 2026-03-12 18:54:46 --> Session: Class initialized using 'CodeIgniter\Session\Handlers\FileHandler' driver.
INFO - 2026-03-12 18:55:29 --> Session: Class initialized using 'CodeIgniter\Session\Handlers\FileHandler' driver.
INFO - 2026-03-12 18:55:32 --> Session: Class initialized using 'CodeIgniter\Session\Handlers\FileHandler' driver.
INFO - 2026-03-12 18:55:33 --> Session: Class initialized using 'CodeIgniter\Session\Handlers\FileHandler' driver.
INFO - 2026-03-12 18:55:53 --> Session: Class initialized using 'CodeIgniter\Session\Handlers\FileHandler' driver.
INFO - 2026-03-12 18:55:53 --> Session: Class initialized using 'CodeIgniter\Session\Handlers\FileHandler' driver.
INFO - 2026-03-12 18:55:54 --> Session: Class initialized using 'CodeIgniter\Session\Handlers\FileHandler' driver.
INFO - 2026-03-12 18:56:54 --> Session: Class initialized using 'CodeIgniter\Session\Handlers\FileHandler' driver.
INFO - 2026-03-12 18:56:54 --> Session: Class initialized using 'CodeIgniter\Session\Handlers\FileHandler' driver.
INFO - 2026-03-12 18:57:02 --> Session: Class initialized using 'CodeIgniter\Session\Handlers\FileHandler' driver.
INFO - 2026-03-12 18:57:02 --> Session: Class initialized using 'CodeIgniter\Session\Handlers\FileHandler' driver.
INFO - 2026-03-12 18:57:02 --> Session: Class initialized using 'CodeIgniter\Session\Handlers\FileHandler' driver.
INFO - 2026-03-12 18:57:04 --> Session: Class initialized using 'CodeIgniter\Session\Handlers\FileHandler' driver.
INFO - 2026-03-12 18:57:17 --> Session: Class initialized using 'CodeIgniter\Session\Handlers\FileHandler' driver.
INFO - 2026-03-12 18:57:18 --> Session: Class initialized using 'CodeIgniter\Session\Handlers\FileHandler' driver.
INFO - 2026-03-12 18:57:18 --> Session: Class initialized using 'CodeIgniter\Session\Handlers\FileHandler' driver.
INFO - 2026-03-12 18:58:23 --> Session: Class initialized using 'CodeIgniter\Session\Handlers\FileHandler' driver.
INFO - 2026-03-12 18:58:26 --> Session: Class initialized using 'CodeIgniter\Session\Handlers\FileHandler' driver.
INFO - 2026-03-12 18:58:26 --> Session: Class initialized using 'CodeIgniter\Session\Handlers\FileHandler' driver.
INFO - 2026-03-12 18:58:36 --> Session: Class initialized using 'CodeIgniter\Session\Handlers\FileHandler' driver.
INFO - 2026-03-12 18:58:36 --> Session: Class initialized using 'CodeIgniter\Session\Handlers\FileHandler' driver.
INFO - 2026-03-12 18:58:38 --> Session: Class initialized using 'CodeIgniter\Session\Handlers\FileHandler' driver.
INFO - 2026-03-12 18:58:46 --> Session: Class initialized using 'CodeIgniter\Session\Handlers\FileHandler' driver.
INFO - 2026-03-12 18:58:46 --> Session: Class initialized using 'CodeIgniter\Session\Handlers\FileHandler' driver.
INFO - 2026-03-12 18:59:05 --> Session: Class initialized using 'CodeIgniter\Session\Handlers\FileHandler' driver.
INFO - 2026-03-12 18:59:05 --> Session: Class initialized using 'CodeIgniter\Session\Handlers\FileHandler' driver.
INFO - 2026-03-12 18:59:06 --> Session: Class initialized using 'CodeIgniter\Session\Handlers\FileHandler' driver.
INFO - 2026-03-12 18:59:54 --> Session: Class initialized using 'CodeIgniter\Session\Handlers\FileHandler' driver.
INFO - 2026-03-12 18:59:54 --> Session: Class initialized using 'CodeIgniter\Session\Handlers\FileHandler' driver.
INFO - 2026-03-12 18:59:56 --> Session: Class initialized using 'CodeIgniter\Session\Handlers\FileHandler' driver.
INFO - 2026-03-12 18:59:57 --> Session: Class initialized using 'CodeIgniter\Session\Handlers\FileHandler' driver.
INFO - 2026-03-12 19:00:07 --> Session: Class initialized using 'CodeIgniter\Session\Handlers\FileHandler' driver.
INFO - 2026-03-12 19:00:07 --> Session: Class initialized using 'CodeIgniter\Session\Handlers\FileHandler' driver.
INFO - 2026-03-12 19:00:07 --> Session: Class initialized using 'CodeIgniter\Session\Handlers\FileHandler' driver.
INFO - 2026-03-12 19:08:59 --> Session: Class initialized using 'CodeIgniter\Session\Handlers\FileHandler' driver.
INFO - 2026-03-12 19:09:00 --> Session: Class initialized using 'CodeIgniter\Session\Handlers\FileHandler' driver.
INFO - 2026-03-12 19:09:12 --> Session: Class initialized using 'CodeIgniter\Session\Handlers\FileHandler' driver.
INFO - 2026-03-12 19:09:12 --> Session: Class initialized using 'CodeIgniter\Session\Handlers\FileHandler' driver.
INFO - 2026-03-12 19:09:13 --> Session: Class initialized using 'CodeIgniter\Session\Handlers\FileHandler' driver.
INFO - 2026-03-12 19:10:02 --> Session: Class initialized using 'CodeIgniter\Session\Handlers\FileHandler' driver.
INFO - 2026-03-12 19:10:02 --> Session: Class initialized using 'CodeIgniter\Session\Handlers\FileHandler' driver.
INFO - 2026-03-12 19:10:10 --> Session: Class initialized using 'CodeIgniter\Session\Handlers\FileHandler' driver.
INFO - 2026-03-12 19:12:21 --> Session: Class initialized using 'CodeIgniter\Session\Handlers\FileHandler' driver.
INFO - 2026-03-12 19:12:21 --> Session: Class initialized using 'CodeIgniter\Session\Handlers\FileHandler' driver.
ERROR - 2026-03-12 19:12:34 --> mysqli_sql_exception: Cannot add or update a child row: a foreign key constraint fails (`basepanav3_12`.`mermasfinalesdescompuestos`, CONSTRAINT `fk_Mermasfinalesdescompuestos_mermas1` FOREIGN KEY (`mermas_idSupervision`) REFERENCES `mermas` (`idSupervision`)) in C:\xampp\htdocs\proyectopanaderia-server\system\Database\MySQLi\Connection.php:306
Stack trace:
#0 C:\xampp\htdocs\proyectopanaderia-server\system\Database\MySQLi\Connection.php(306): mysqli->query('INSERT INTO `me...', 0)
#1 C:\xampp\htdocs\proyectopanaderia-server\system\Database\BaseConnection.php(692): CodeIgniter\Database\MySQLi\Connection->execute('INSERT INTO `me...')
#2 C:\xampp\htdocs\proyectopanaderia-server\system\Database\BaseConnection.php(606): CodeIgniter\Database\BaseConnection->simpleQuery('INSERT INTO `me...')
#3 C:\xampp\htdocs\proyectopanaderia-server\system\Database\BaseBuilder.php(2309): CodeIgniter\Database\BaseConnection->query('INSERT INTO `me...', Array, false)
#4 C:\xampp\htdocs\proyectopanaderia-server\system\Model.php(319): CodeIgniter\Database\BaseBuilder->insert()
#5 C:\xampp\htdocs\proyectopanaderia-server\system\BaseModel.php(788): CodeIgniter\Model->doInsert(Array)
#6 C:\xampp\htdocs\proyectopanaderia-server\system\Model.php(715): CodeIgniter\BaseModel->insert(Array, true)
#7 C:\xampp\htdocs\proyectopanaderia-server\app\Controllers\Pedidos.php(467): CodeIgniter\Model->insert(Array)
#8 C:\xampp\htdocs\proyectopanaderia-server\system\CodeIgniter.php(915): App\Controllers\Pedidos->ActualizarMermasSinRepercutir()
#9 C:\xampp\htdocs\proyectopanaderia-server\system\CodeIgniter.php(492): CodeIgniter\CodeIgniter->runController(Object(App\Controllers\Pedidos))
#10 C:\xampp\htdocs\proyectopanaderia-server\system\CodeIgniter.php(353): CodeIgniter\CodeIgniter->handleRequest(NULL, Object(Config\Cache), false)
#11 C:\xampp\htdocs\proyectopanaderia-server\public\index.php(79): CodeIgniter\CodeIgniter->run()
#12 C:\xampp\htdocs\proyectopanaderia-server\system\Commands\Server\rewrite.php(47): require_once('C:\\xampp\\htdocs...')
#13 {main}
CRITICAL - 2026-03-12 19:12:34 --> Cannot add or update a child row: a foreign key constraint fails (`basepanav3_12`.`mermasfinalesdescompuestos`, CONSTRAINT `fk_Mermasfinalesdescompuestos_mermas1` FOREIGN KEY (`mermas_idSupervision`) REFERENCES `mermas` (`idSupervision`))
in SYSTEMPATH\Database\BaseConnection.php on line 646.
 1 SYSTEMPATH\Database\BaseBuilder.php(2309): CodeIgniter\Database\BaseConnection->query('INSERT INTO `mermasfinalesdescompuestos` (`razon_eliminacion`, `Cantidad_Eliminar`) VALUES (:razon_eliminacion:, :Cantidad_Eliminar:)', [...], false)
 2 SYSTEMPATH\Model.php(319): CodeIgniter\Database\BaseBuilder->insert()
 3 SYSTEMPATH\BaseModel.php(788): CodeIgniter\Model->doInsert([...])
 4 SYSTEMPATH\Model.php(715): CodeIgniter\BaseModel->insert([...], true)
 5 APPPATH\Controllers\Pedidos.php(467): CodeIgniter\Model->insert([...])
 6 SYSTEMPATH\CodeIgniter.php(915): App\Controllers\Pedidos->ActualizarMermasSinRepercutir()
 7 SYSTEMPATH\CodeIgniter.php(492): CodeIgniter\CodeIgniter->runController(Object(App\Controllers\Pedidos))
 8 SYSTEMPATH\CodeIgniter.php(353): CodeIgniter\CodeIgniter->handleRequest(null, Object(Config\Cache), false)
 9 FCPATH\index.php(79): CodeIgniter\CodeIgniter->run()
10 SYSTEMPATH\Commands\Server\rewrite.php(47): require_once('C:\\xampp\\htdocs\\proyectopanaderia-server\\public\\index.php')
ERROR - 2026-03-12 19:21:16 --> mysqli_sql_exception: Cannot add or update a child row: a foreign key constraint fails (`basepanav3_12`.`mermasfinalesdescompuestos`, CONSTRAINT `fk_Mermasfinalesdescompuestos_mermas1` FOREIGN KEY (`mermas_idSupervision`) REFERENCES `mermas` (`idSupervision`)) in C:\xampp\htdocs\proyectopanaderia-server\system\Database\MySQLi\Connection.php:306
Stack trace:
#0 C:\xampp\htdocs\proyectopanaderia-server\system\Database\MySQLi\Connection.php(306): mysqli->query('INSERT INTO `me...', 0)
#1 C:\xampp\htdocs\proyectopanaderia-server\system\Database\BaseConnection.php(692): CodeIgniter\Database\MySQLi\Connection->execute('INSERT INTO `me...')
#2 C:\xampp\htdocs\proyectopanaderia-server\system\Database\BaseConnection.php(606): CodeIgniter\Database\BaseConnection->simpleQuery('INSERT INTO `me...')
#3 C:\xampp\htdocs\proyectopanaderia-server\system\Database\BaseBuilder.php(2309): CodeIgniter\Database\BaseConnection->query('INSERT INTO `me...', Array, false)
#4 C:\xampp\htdocs\proyectopanaderia-server\system\Model.php(319): CodeIgniter\Database\BaseBuilder->insert()
#5 C:\xampp\htdocs\proyectopanaderia-server\system\BaseModel.php(788): CodeIgniter\Model->doInsert(Array)
#6 C:\xampp\htdocs\proyectopanaderia-server\system\Model.php(715): CodeIgniter\BaseModel->insert(Array, true)
#7 C:\xampp\htdocs\proyectopanaderia-server\app\Controllers\Pedidos.php(467): CodeIgniter\Model->insert(Array)
#8 C:\xampp\htdocs\proyectopanaderia-server\system\CodeIgniter.php(915): App\Controllers\Pedidos->ActualizarMermasSinRepercutir()
#9 C:\xampp\htdocs\proyectopanaderia-server\system\CodeIgniter.php(492): CodeIgniter\CodeIgniter->runController(Object(App\Controllers\Pedidos))
#10 C:\xampp\htdocs\proyectopanaderia-server\system\CodeIgniter.php(353): CodeIgniter\CodeIgniter->handleRequest(NULL, Object(Config\Cache), false)
#11 C:\xampp\htdocs\proyectopanaderia-server\public\index.php(79): CodeIgniter\CodeIgniter->run()
#12 C:\xampp\htdocs\proyectopanaderia-server\system\Commands\Server\rewrite.php(47): require_once('C:\\xampp\\htdocs...')
#13 {main}
CRITICAL - 2026-03-12 19:21:16 --> Cannot add or update a child row: a foreign key constraint fails (`basepanav3_12`.`mermasfinalesdescompuestos`, CONSTRAINT `fk_Mermasfinalesdescompuestos_mermas1` FOREIGN KEY (`mermas_idSupervision`) REFERENCES `mermas` (`idSupervision`))
in SYSTEMPATH\Database\BaseConnection.php on line 646.
 1 SYSTEMPATH\Database\BaseBuilder.php(2309): CodeIgniter\Database\BaseConnection->query('INSERT INTO `mermasfinalesdescompuestos` (`razon_eliminacion`, `Cantidad_Eliminar`) VALUES (:razon_eliminacion:, :Cantidad_Eliminar:)', [...], false)
 2 SYSTEMPATH\Model.php(319): CodeIgniter\Database\BaseBuilder->insert()
 3 SYSTEMPATH\BaseModel.php(788): CodeIgniter\Model->doInsert([...])
 4 SYSTEMPATH\Model.php(715): CodeIgniter\BaseModel->insert([...], true)
 5 APPPATH\Controllers\Pedidos.php(467): CodeIgniter\Model->insert([...])
 6 SYSTEMPATH\CodeIgniter.php(915): App\Controllers\Pedidos->ActualizarMermasSinRepercutir()
 7 SYSTEMPATH\CodeIgniter.php(492): CodeIgniter\CodeIgniter->runController(Object(App\Controllers\Pedidos))
 8 SYSTEMPATH\CodeIgniter.php(353): CodeIgniter\CodeIgniter->handleRequest(null, Object(Config\Cache), false)
 9 FCPATH\index.php(79): CodeIgniter\CodeIgniter->run()
10 SYSTEMPATH\Commands\Server\rewrite.php(47): require_once('C:\\xampp\\htdocs\\proyectopanaderia-server\\public\\index.php')
ERROR - 2026-03-12 19:22:32 --> mysqli_sql_exception: Cannot add or update a child row: a foreign key constraint fails (`basepanav3_12`.`mermasfinalesdescompuestos`, CONSTRAINT `fk_Mermasfinalesdescompuestos_mermas1` FOREIGN KEY (`mermas_idSupervision`) REFERENCES `mermas` (`idSupervision`)) in C:\xampp\htdocs\proyectopanaderia-server\system\Database\MySQLi\Connection.php:306
Stack trace:
#0 C:\xampp\htdocs\proyectopanaderia-server\system\Database\MySQLi\Connection.php(306): mysqli->query('INSERT INTO `me...', 0)
#1 C:\xampp\htdocs\proyectopanaderia-server\system\Database\BaseConnection.php(692): CodeIgniter\Database\MySQLi\Connection->execute('INSERT INTO `me...')
#2 C:\xampp\htdocs\proyectopanaderia-server\system\Database\BaseConnection.php(606): CodeIgniter\Database\BaseConnection->simpleQuery('INSERT INTO `me...')
#3 C:\xampp\htdocs\proyectopanaderia-server\system\Database\BaseBuilder.php(2309): CodeIgniter\Database\BaseConnection->query('INSERT INTO `me...', Array, false)
#4 C:\xampp\htdocs\proyectopanaderia-server\system\Model.php(319): CodeIgniter\Database\BaseBuilder->insert()
#5 C:\xampp\htdocs\proyectopanaderia-server\system\BaseModel.php(788): CodeIgniter\Model->doInsert(Array)
#6 C:\xampp\htdocs\proyectopanaderia-server\system\Model.php(715): CodeIgniter\BaseModel->insert(Array, true)
#7 C:\xampp\htdocs\proyectopanaderia-server\app\Controllers\Pedidos.php(377): CodeIgniter\Model->insert(Array)
#8 C:\xampp\htdocs\proyectopanaderia-server\system\CodeIgniter.php(915): App\Controllers\Pedidos->ActualizarMermas()
#9 C:\xampp\htdocs\proyectopanaderia-server\system\CodeIgniter.php(492): CodeIgniter\CodeIgniter->runController(Object(App\Controllers\Pedidos))
#10 C:\xampp\htdocs\proyectopanaderia-server\system\CodeIgniter.php(353): CodeIgniter\CodeIgniter->handleRequest(NULL, Object(Config\Cache), false)
#11 C:\xampp\htdocs\proyectopanaderia-server\public\index.php(79): CodeIgniter\CodeIgniter->run()
#12 C:\xampp\htdocs\proyectopanaderia-server\system\Commands\Server\rewrite.php(47): require_once('C:\\xampp\\htdocs...')
#13 {main}
CRITICAL - 2026-03-12 19:22:32 --> Cannot add or update a child row: a foreign key constraint fails (`basepanav3_12`.`mermasfinalesdescompuestos`, CONSTRAINT `fk_Mermasfinalesdescompuestos_mermas1` FOREIGN KEY (`mermas_idSupervision`) REFERENCES `mermas` (`idSupervision`))
in SYSTEMPATH\Database\BaseConnection.php on line 646.
 1 SYSTEMPATH\Database\BaseBuilder.php(2309): CodeIgniter\Database\BaseConnection->query('INSERT INTO `mermasfinalesdescompuestos` (`razon_eliminacion`, `Cantidad_Eliminar`) VALUES (:razon_eliminacion:, :Cantidad_Eliminar:)', [...], false)
 2 SYSTEMPATH\Model.php(319): CodeIgniter\Database\BaseBuilder->insert()
 3 SYSTEMPATH\BaseModel.php(788): CodeIgniter\Model->doInsert([...])
 4 SYSTEMPATH\Model.php(715): CodeIgniter\BaseModel->insert([...], true)
 5 APPPATH\Controllers\Pedidos.php(377): CodeIgniter\Model->insert([...])
 6 SYSTEMPATH\CodeIgniter.php(915): App\Controllers\Pedidos->ActualizarMermas()
 7 SYSTEMPATH\CodeIgniter.php(492): CodeIgniter\CodeIgniter->runController(Object(App\Controllers\Pedidos))
 8 SYSTEMPATH\CodeIgniter.php(353): CodeIgniter\CodeIgniter->handleRequest(null, Object(Config\Cache), false)
 9 FCPATH\index.php(79): CodeIgniter\CodeIgniter->run()
10 SYSTEMPATH\Commands\Server\rewrite.php(47): require_once('C:\\xampp\\htdocs\\proyectopanaderia-server\\public\\index.php')
INFO - 2026-03-12 19:22:32 --> Session: Class initialized using 'CodeIgniter\Session\Handlers\FileHandler' driver.
INFO - 2026-03-12 19:22:33 --> Session: Class initialized using 'CodeIgniter\Session\Handlers\FileHandler' driver.
INFO - 2026-03-12 19:23:38 --> Session: Class initialized using 'CodeIgniter\Session\Handlers\FileHandler' driver.
INFO - 2026-03-12 19:23:39 --> Session: Class initialized using 'CodeIgniter\Session\Handlers\FileHandler' driver.
ERROR - 2026-03-12 19:23:44 --> mysqli_sql_exception: Cannot add or update a child row: a foreign key constraint fails (`basepanav3_12`.`mermasfinalesdescompuestos`, CONSTRAINT `fk_Mermasfinalesdescompuestos_mermas1` FOREIGN KEY (`mermas_idSupervision`) REFERENCES `mermas` (`idSupervision`)) in C:\xampp\htdocs\proyectopanaderia-server\system\Database\MySQLi\Connection.php:306
Stack trace:
#0 C:\xampp\htdocs\proyectopanaderia-server\system\Database\MySQLi\Connection.php(306): mysqli->query('INSERT INTO `me...', 0)
#1 C:\xampp\htdocs\proyectopanaderia-server\system\Database\BaseConnection.php(692): CodeIgniter\Database\MySQLi\Connection->execute('INSERT INTO `me...')
#2 C:\xampp\htdocs\proyectopanaderia-server\system\Database\BaseConnection.php(606): CodeIgniter\Database\BaseConnection->simpleQuery('INSERT INTO `me...')
#3 C:\xampp\htdocs\proyectopanaderia-server\system\Database\BaseBuilder.php(2309): CodeIgniter\Database\BaseConnection->query('INSERT INTO `me...', Array, false)
#4 C:\xampp\htdocs\proyectopanaderia-server\system\Model.php(319): CodeIgniter\Database\BaseBuilder->insert()
#5 C:\xampp\htdocs\proyectopanaderia-server\system\BaseModel.php(788): CodeIgniter\Model->doInsert(Array)
#6 C:\xampp\htdocs\proyectopanaderia-server\system\Model.php(715): CodeIgniter\BaseModel->insert(Array, true)
#7 C:\xampp\htdocs\proyectopanaderia-server\app\Controllers\Pedidos.php(377): CodeIgniter\Model->insert(Array)
#8 C:\xampp\htdocs\proyectopanaderia-server\system\CodeIgniter.php(915): App\Controllers\Pedidos->ActualizarMermas()
#9 C:\xampp\htdocs\proyectopanaderia-server\system\CodeIgniter.php(492): CodeIgniter\CodeIgniter->runController(Object(App\Controllers\Pedidos))
#10 C:\xampp\htdocs\proyectopanaderia-server\system\CodeIgniter.php(353): CodeIgniter\CodeIgniter->handleRequest(NULL, Object(Config\Cache), false)
#11 C:\xampp\htdocs\proyectopanaderia-server\public\index.php(79): CodeIgniter\CodeIgniter->run()
#12 C:\xampp\htdocs\proyectopanaderia-server\system\Commands\Server\rewrite.php(47): require_once('C:\\xampp\\htdocs...')
#13 {main}
CRITICAL - 2026-03-12 19:23:44 --> Cannot add or update a child row: a foreign key constraint fails (`basepanav3_12`.`mermasfinalesdescompuestos`, CONSTRAINT `fk_Mermasfinalesdescompuestos_mermas1` FOREIGN KEY (`mermas_idSupervision`) REFERENCES `mermas` (`idSupervision`))
in SYSTEMPATH\Database\BaseConnection.php on line 646.
 1 SYSTEMPATH\Database\BaseBuilder.php(2309): CodeIgniter\Database\BaseConnection->query('INSERT INTO `mermasfinalesdescompuestos` (`razon_eliminacion`, `Cantidad_Eliminar`) VALUES (:razon_eliminacion:, :Cantidad_Eliminar:)', [...], false)
 2 SYSTEMPATH\Model.php(319): CodeIgniter\Database\BaseBuilder->insert()
 3 SYSTEMPATH\BaseModel.php(788): CodeIgniter\Model->doInsert([...])
 4 SYSTEMPATH\Model.php(715): CodeIgniter\BaseModel->insert([...], true)
 5 APPPATH\Controllers\Pedidos.php(377): CodeIgniter\Model->insert([...])
 6 SYSTEMPATH\CodeIgniter.php(915): App\Controllers\Pedidos->ActualizarMermas()
 7 SYSTEMPATH\CodeIgniter.php(492): CodeIgniter\CodeIgniter->runController(Object(App\Controllers\Pedidos))
 8 SYSTEMPATH\CodeIgniter.php(353): CodeIgniter\CodeIgniter->handleRequest(null, Object(Config\Cache), false)
 9 FCPATH\index.php(79): CodeIgniter\CodeIgniter->run()
10 SYSTEMPATH\Commands\Server\rewrite.php(47): require_once('C:\\xampp\\htdocs\\proyectopanaderia-server\\public\\index.php')
INFO - 2026-03-12 19:24:58 --> Session: Class initialized using 'CodeIgniter\Session\Handlers\FileHandler' driver.
INFO - 2026-03-12 19:24:59 --> Session: Class initialized using 'CodeIgniter\Session\Handlers\FileHandler' driver.
ERROR - 2026-03-12 19:25:05 --> mysqli_sql_exception: Cannot add or update a child row: a foreign key constraint fails (`basepanav3_12`.`mermasfinalesdescompuestos`, CONSTRAINT `fk_Mermasfinalesdescompuestos_mermas1` FOREIGN KEY (`mermas_idSupervision`) REFERENCES `mermas` (`idSupervision`)) in C:\xampp\htdocs\proyectopanaderia-server\system\Database\MySQLi\Connection.php:306
Stack trace:
#0 C:\xampp\htdocs\proyectopanaderia-server\system\Database\MySQLi\Connection.php(306): mysqli->query('INSERT INTO `me...', 0)
#1 C:\xampp\htdocs\proyectopanaderia-server\system\Database\BaseConnection.php(692): CodeIgniter\Database\MySQLi\Connection->execute('INSERT INTO `me...')
#2 C:\xampp\htdocs\proyectopanaderia-server\system\Database\BaseConnection.php(606): CodeIgniter\Database\BaseConnection->simpleQuery('INSERT INTO `me...')
#3 C:\xampp\htdocs\proyectopanaderia-server\system\Database\BaseBuilder.php(2309): CodeIgniter\Database\BaseConnection->query('INSERT INTO `me...', Array, false)
#4 C:\xampp\htdocs\proyectopanaderia-server\system\Model.php(319): CodeIgniter\Database\BaseBuilder->insert()
#5 C:\xampp\htdocs\proyectopanaderia-server\system\BaseModel.php(788): CodeIgniter\Model->doInsert(Array)
#6 C:\xampp\htdocs\proyectopanaderia-server\system\Model.php(715): CodeIgniter\BaseModel->insert(Array, true)
#7 C:\xampp\htdocs\proyectopanaderia-server\app\Controllers\Pedidos.php(377): CodeIgniter\Model->insert(Array)
#8 C:\xampp\htdocs\proyectopanaderia-server\system\CodeIgniter.php(915): App\Controllers\Pedidos->ActualizarMermas()
#9 C:\xampp\htdocs\proyectopanaderia-server\system\CodeIgniter.php(492): CodeIgniter\CodeIgniter->runController(Object(App\Controllers\Pedidos))
#10 C:\xampp\htdocs\proyectopanaderia-server\system\CodeIgniter.php(353): CodeIgniter\CodeIgniter->handleRequest(NULL, Object(Config\Cache), false)
#11 C:\xampp\htdocs\proyectopanaderia-server\public\index.php(79): CodeIgniter\CodeIgniter->run()
#12 C:\xampp\htdocs\proyectopanaderia-server\system\Commands\Server\rewrite.php(47): require_once('C:\\xampp\\htdocs...')
#13 {main}
CRITICAL - 2026-03-12 19:25:05 --> Cannot add or update a child row: a foreign key constraint fails (`basepanav3_12`.`mermasfinalesdescompuestos`, CONSTRAINT `fk_Mermasfinalesdescompuestos_mermas1` FOREIGN KEY (`mermas_idSupervision`) REFERENCES `mermas` (`idSupervision`))
in SYSTEMPATH\Database\BaseConnection.php on line 646.
 1 SYSTEMPATH\Database\BaseBuilder.php(2309): CodeIgniter\Database\BaseConnection->query('INSERT INTO `mermasfinalesdescompuestos` (`razon_eliminacion`, `Cantidad_Eliminar`) VALUES (:razon_eliminacion:, :Cantidad_Eliminar:)', [...], false)
 2 SYSTEMPATH\Model.php(319): CodeIgniter\Database\BaseBuilder->insert()
 3 SYSTEMPATH\BaseModel.php(788): CodeIgniter\Model->doInsert([...])
 4 SYSTEMPATH\Model.php(715): CodeIgniter\BaseModel->insert([...], true)
 5 APPPATH\Controllers\Pedidos.php(377): CodeIgniter\Model->insert([...])
 6 SYSTEMPATH\CodeIgniter.php(915): App\Controllers\Pedidos->ActualizarMermas()
 7 SYSTEMPATH\CodeIgniter.php(492): CodeIgniter\CodeIgniter->runController(Object(App\Controllers\Pedidos))
 8 SYSTEMPATH\CodeIgniter.php(353): CodeIgniter\CodeIgniter->handleRequest(null, Object(Config\Cache), false)
 9 FCPATH\index.php(79): CodeIgniter\CodeIgniter->run()
10 SYSTEMPATH\Commands\Server\rewrite.php(47): require_once('C:\\xampp\\htdocs\\proyectopanaderia-server\\public\\index.php')
INFO - 2026-03-12 19:25:37 --> Session: Class initialized using 'CodeIgniter\Session\Handlers\FileHandler' driver.
INFO - 2026-03-12 19:25:37 --> Session: Class initialized using 'CodeIgniter\Session\Handlers\FileHandler' driver.
INFO - 2026-03-12 19:25:42 --> Session: Class initialized using 'CodeIgniter\Session\Handlers\FileHandler' driver.
INFO - 2026-03-12 19:27:58 --> Session: Class initialized using 'CodeIgniter\Session\Handlers\FileHandler' driver.
INFO - 2026-03-12 19:27:59 --> Session: Class initialized using 'CodeIgniter\Session\Handlers\FileHandler' driver.
ERROR - 2026-03-12 19:28:08 --> mysqli_sql_exception: Cannot add or update a child row: a foreign key constraint fails (`basepanav3_12`.`mermasfinalesdescompuestos`, CONSTRAINT `fk_Mermasfinalesdescompuestos_mermas1` FOREIGN KEY (`mermas_idSupervision`) REFERENCES `mermas` (`idSupervision`)) in C:\xampp\htdocs\proyectopanaderia-server\system\Database\MySQLi\Connection.php:306
Stack trace:
#0 C:\xampp\htdocs\proyectopanaderia-server\system\Database\MySQLi\Connection.php(306): mysqli->query('INSERT INTO `me...', 0)
#1 C:\xampp\htdocs\proyectopanaderia-server\system\Database\BaseConnection.php(692): CodeIgniter\Database\MySQLi\Connection->execute('INSERT INTO `me...')
#2 C:\xampp\htdocs\proyectopanaderia-server\system\Database\BaseConnection.php(606): CodeIgniter\Database\BaseConnection->simpleQuery('INSERT INTO `me...')
#3 C:\xampp\htdocs\proyectopanaderia-server\system\Database\BaseBuilder.php(2309): CodeIgniter\Database\BaseConnection->query('INSERT INTO `me...', Array, false)
#4 C:\xampp\htdocs\proyectopanaderia-server\system\Model.php(319): CodeIgniter\Database\BaseBuilder->insert()
#5 C:\xampp\htdocs\proyectopanaderia-server\system\BaseModel.php(788): CodeIgniter\Model->doInsert(Array)
#6 C:\xampp\htdocs\proyectopanaderia-server\system\Model.php(715): CodeIgniter\BaseModel->insert(Array, true)
#7 C:\xampp\htdocs\proyectopanaderia-server\app\Controllers\Pedidos.php(377): CodeIgniter\Model->insert(Array)
#8 C:\xampp\htdocs\proyectopanaderia-server\system\CodeIgniter.php(915): App\Controllers\Pedidos->ActualizarMermas()
#9 C:\xampp\htdocs\proyectopanaderia-server\system\CodeIgniter.php(492): CodeIgniter\CodeIgniter->runController(Object(App\Controllers\Pedidos))
#10 C:\xampp\htdocs\proyectopanaderia-server\system\CodeIgniter.php(353): CodeIgniter\CodeIgniter->handleRequest(NULL, Object(Config\Cache), false)
#11 C:\xampp\htdocs\proyectopanaderia-server\public\index.php(79): CodeIgniter\CodeIgniter->run()
#12 C:\xampp\htdocs\proyectopanaderia-server\system\Commands\Server\rewrite.php(47): require_once('C:\\xampp\\htdocs...')
#13 {main}
CRITICAL - 2026-03-12 19:28:08 --> Cannot add or update a child row: a foreign key constraint fails (`basepanav3_12`.`mermasfinalesdescompuestos`, CONSTRAINT `fk_Mermasfinalesdescompuestos_mermas1` FOREIGN KEY (`mermas_idSupervision`) REFERENCES `mermas` (`idSupervision`))
in SYSTEMPATH\Database\BaseConnection.php on line 646.
 1 SYSTEMPATH\Database\BaseBuilder.php(2309): CodeIgniter\Database\BaseConnection->query('INSERT INTO `mermasfinalesdescompuestos` (`razon_eliminacion`, `Cantidad_Eliminar`) VALUES (:razon_eliminacion:, :Cantidad_Eliminar:)', [...], false)
 2 SYSTEMPATH\Model.php(319): CodeIgniter\Database\BaseBuilder->insert()
 3 SYSTEMPATH\BaseModel.php(788): CodeIgniter\Model->doInsert([...])
 4 SYSTEMPATH\Model.php(715): CodeIgniter\BaseModel->insert([...], true)
 5 APPPATH\Controllers\Pedidos.php(377): CodeIgniter\Model->insert([...])
 6 SYSTEMPATH\CodeIgniter.php(915): App\Controllers\Pedidos->ActualizarMermas()
 7 SYSTEMPATH\CodeIgniter.php(492): CodeIgniter\CodeIgniter->runController(Object(App\Controllers\Pedidos))
 8 SYSTEMPATH\CodeIgniter.php(353): CodeIgniter\CodeIgniter->handleRequest(null, Object(Config\Cache), false)
 9 FCPATH\index.php(79): CodeIgniter\CodeIgniter->run()
10 SYSTEMPATH\Commands\Server\rewrite.php(47): require_once('C:\\xampp\\htdocs\\proyectopanaderia-server\\public\\index.php')
INFO - 2026-03-12 19:28:47 --> Session: Class initialized using 'CodeIgniter\Session\Handlers\FileHandler' driver.
INFO - 2026-03-12 19:28:48 --> Session: Class initialized using 'CodeIgniter\Session\Handlers\FileHandler' driver.
INFO - 2026-03-12 19:28:58 --> Session: Class initialized using 'CodeIgniter\Session\Handlers\FileHandler' driver.
INFO - 2026-03-12 19:29:02 --> Session: Class initialized using 'CodeIgniter\Session\Handlers\FileHandler' driver.
INFO - 2026-03-12 19:29:03 --> Session: Class initialized using 'CodeIgniter\Session\Handlers\FileHandler' driver.
INFO - 2026-03-12 19:29:14 --> Session: Class initialized using 'CodeIgniter\Session\Handlers\FileHandler' driver.
INFO - 2026-03-12 19:29:18 --> Session: Class initialized using 'CodeIgniter\Session\Handlers\FileHandler' driver.
INFO - 2026-03-12 19:29:19 --> Session: Class initialized using 'CodeIgniter\Session\Handlers\FileHandler' driver.
INFO - 2026-03-12 19:29:44 --> Session: Class initialized using 'CodeIgniter\Session\Handlers\FileHandler' driver.
INFO - 2026-03-12 19:29:45 --> Session: Class initialized using 'CodeIgniter\Session\Handlers\FileHandler' driver.
INFO - 2026-03-12 19:31:52 --> Session: Class initialized using 'CodeIgniter\Session\Handlers\FileHandler' driver.
INFO - 2026-03-12 19:31:53 --> Session: Class initialized using 'CodeIgniter\Session\Handlers\FileHandler' driver.
INFO - 2026-03-12 19:32:04 --> Session: Class initialized using 'CodeIgniter\Session\Handlers\FileHandler' driver.
INFO - 2026-03-12 19:33:13 --> Session: Class initialized using 'CodeIgniter\Session\Handlers\FileHandler' driver.
INFO - 2026-03-12 19:33:14 --> Session: Class initialized using 'CodeIgniter\Session\Handlers\FileHandler' driver.
INFO - 2026-03-12 19:33:24 --> Session: Class initialized using 'CodeIgniter\Session\Handlers\FileHandler' driver.
INFO - 2026-03-12 19:34:12 --> Session: Class initialized using 'CodeIgniter\Session\Handlers\FileHandler' driver.
INFO - 2026-03-12 19:34:15 --> Session: Class initialized using 'CodeIgniter\Session\Handlers\FileHandler' driver.
INFO - 2026-03-12 19:34:16 --> Session: Class initialized using 'CodeIgniter\Session\Handlers\FileHandler' driver.
INFO - 2026-03-12 13:35:58 --> Session: Class initialized using 'CodeIgniter\Session\Handlers\FileHandler' driver.
INFO - 2026-03-12 19:35:59 --> Session: Class initialized using 'CodeIgniter\Session\Handlers\FileHandler' driver.
ERROR - 2026-03-12 13:45:02 --> mysqli_sql_exception: Unknown column 'm.Conteo_Merma' in 'field list' in C:\xampp\htdocs\proyectopanaderia-server\system\Database\MySQLi\Connection.php:306
Stack trace:
#0 C:\xampp\htdocs\proyectopanaderia-server\system\Database\MySQLi\Connection.php(306): mysqli->query('SELECT `product...', 0)
#1 C:\xampp\htdocs\proyectopanaderia-server\system\Database\BaseConnection.php(692): CodeIgniter\Database\MySQLi\Connection->execute('SELECT `product...')
#2 C:\xampp\htdocs\proyectopanaderia-server\system\Database\BaseConnection.php(606): CodeIgniter\Database\BaseConnection->simpleQuery('SELECT `product...')
#3 C:\xampp\htdocs\proyectopanaderia-server\system\Database\BaseBuilder.php(1616): CodeIgniter\Database\BaseConnection->query('SELECT `product...', Array, false)
#4 C:\xampp\htdocs\proyectopanaderia-server\system\Model.php(237): CodeIgniter\Database\BaseBuilder->get()
#5 C:\xampp\htdocs\proyectopanaderia-server\system\BaseModel.php(624): CodeIgniter\Model->doFindAll(0, 0)
#6 C:\xampp\htdocs\proyectopanaderia-server\app\Models\SalidaMercancia.php(136): CodeIgniter\BaseModel->findAll()
#7 C:\xampp\htdocs\proyectopanaderia-server\app\Controllers\Home.php(1882): App\Models\SalidaMercancia->ReporteDiarioDashboard('55')
#8 C:\xampp\htdocs\proyectopanaderia-server\system\CodeIgniter.php(915): App\Controllers\Home->Dasboard()
#9 C:\xampp\htdocs\proyectopanaderia-server\system\CodeIgniter.php(492): CodeIgniter\CodeIgniter->runController(Object(App\Controllers\Home))
#10 C:\xampp\htdocs\proyectopanaderia-server\system\CodeIgniter.php(353): CodeIgniter\CodeIgniter->handleRequest(NULL, Object(Config\Cache), false)
#11 C:\xampp\htdocs\proyectopanaderia-server\public\index.php(79): CodeIgniter\CodeIgniter->run()
#12 C:\xampp\htdocs\proyectopanaderia-server\system\Commands\Server\rewrite.php(47): require_once('C:\\xampp\\htdocs...')
#13 {main}
CRITICAL - 2026-03-12 13:45:02 --> Unknown column 'm.Conteo_Merma' in 'field list'
in SYSTEMPATH\Database\BaseConnection.php on line 646.
 1 SYSTEMPATH\Database\BaseBuilder.php(1616): CodeIgniter\Database\BaseConnection->query('SELECT `productos`.`Nombre_Producto`, `productos`.`Categoria`, `productos`.`Valor_Venta`, `salida_mercancia`.`Cantidad_Salida`, `sucursales`.`NombreSucursal`, `mercancia_sucursal`.`Confirmacion_Salida`, `mercancia_sucursal`.`Nota`, (
                    SELECT SUM(m.Conteo_Merma) 
                    FROM mermasfinalesdescompuestos m
                    LEFT JOIN productos p_merma ON p_merma.idProductos = m.productos_idProductos
                    WHERE m.tabla_produccion_fecha_idTabla_Produccion = salida_mercancia.Tabla_Produccion_Fecha_idTabla_Produccion
                    AND m.Sucursales_idSucursales = salida_mercancia.Sucursales_idSucursales
                    
                    /* ============================================================== */
                    /* AQUI ESTÁ LA MAGIA: Solo sumamos si "historial" es igual a SI  */
                    /* ============================================================== */
                    AND m.historial = "SI"

                    AND (
                        /* CONDICIÓN 1: Si el producto tiene categoría, suma todas las mermas de esa misma categoría */
                        (productos.Categoria != "" AND productos.Categoria IS NOT NULL AND p_merma.Categoria = productos.Categoria)
                        OR 
                        /* CONDICIÓN 2: Si el producto NO tiene categoría, suma solo las mermas de su ID exacto */
                        ((productos.Categoria = "" OR productos.Categoria IS NULL) AND m.productos_idProductos = salida_mercancia.Productos_idProductos)
                    )
                ) as Total_Merma
FROM `salida_mercancia`
INNER JOIN `productos` ON `productos`.`idProductos` = `salida_mercancia`.`Productos_idProductos`
INNER JOIN `sucursales` ON `sucursales`.`idSucursales` = `salida_mercancia`.`Sucursales_idSucursales`
LEFT JOIN `mercancia_sucursal` ON `mercancia_sucursal`.`Salida_Mercancia_idSalida_Mercancia` = `salida_mercancia`.`idSalida_Mercancia`
WHERE `salida_mercancia`.`Tabla_Produccion_Fecha_idTabla_Produccion` = :salida_mercancia.Tabla_Produccion_Fecha_idTabla_Produccion:
ORDER BY `sucursales`.`NombreSucursal` ASC', [...], false)
 2 SYSTEMPATH\Model.php(237): CodeIgniter\Database\BaseBuilder->get()
 3 SYSTEMPATH\BaseModel.php(624): CodeIgniter\Model->doFindAll(0, 0)
 4 APPPATH\Models\SalidaMercancia.php(136): CodeIgniter\BaseModel->findAll()
 5 APPPATH\Controllers\Home.php(1882): App\Models\SalidaMercancia->ReporteDiarioDashboard('55')
 6 SYSTEMPATH\CodeIgniter.php(915): App\Controllers\Home->Dasboard()
 7 SYSTEMPATH\CodeIgniter.php(492): CodeIgniter\CodeIgniter->runController(Object(App\Controllers\Home))
 8 SYSTEMPATH\CodeIgniter.php(353): CodeIgniter\CodeIgniter->handleRequest(null, Object(Config\Cache), false)
 9 FCPATH\index.php(79): CodeIgniter\CodeIgniter->run()
10 SYSTEMPATH\Commands\Server\rewrite.php(47): require_once('C:\\xampp\\htdocs\\proyectopanaderia-server\\public\\index.php')
ERROR - 2026-03-12 13:46:07 --> mysqli_sql_exception: Unknown column 'm.tabla_produccion_fecha_idTabla_Produccion' in 'where clause' in C:\xampp\htdocs\proyectopanaderia-server\system\Database\MySQLi\Connection.php:306
Stack trace:
#0 C:\xampp\htdocs\proyectopanaderia-server\system\Database\MySQLi\Connection.php(306): mysqli->query('SELECT `product...', 0)
#1 C:\xampp\htdocs\proyectopanaderia-server\system\Database\BaseConnection.php(692): CodeIgniter\Database\MySQLi\Connection->execute('SELECT `product...')
#2 C:\xampp\htdocs\proyectopanaderia-server\system\Database\BaseConnection.php(606): CodeIgniter\Database\BaseConnection->simpleQuery('SELECT `product...')
#3 C:\xampp\htdocs\proyectopanaderia-server\system\Database\BaseBuilder.php(1616): CodeIgniter\Database\BaseConnection->query('SELECT `product...', Array, false)
#4 C:\xampp\htdocs\proyectopanaderia-server\system\Model.php(237): CodeIgniter\Database\BaseBuilder->get()
#5 C:\xampp\htdocs\proyectopanaderia-server\system\BaseModel.php(624): CodeIgniter\Model->doFindAll(0, 0)
#6 C:\xampp\htdocs\proyectopanaderia-server\app\Models\SalidaMercancia.php(136): CodeIgniter\BaseModel->findAll()
#7 C:\xampp\htdocs\proyectopanaderia-server\app\Controllers\Home.php(1882): App\Models\SalidaMercancia->ReporteDiarioDashboard('55')
#8 C:\xampp\htdocs\proyectopanaderia-server\system\CodeIgniter.php(915): App\Controllers\Home->Dasboard()
#9 C:\xampp\htdocs\proyectopanaderia-server\system\CodeIgniter.php(492): CodeIgniter\CodeIgniter->runController(Object(App\Controllers\Home))
#10 C:\xampp\htdocs\proyectopanaderia-server\system\CodeIgniter.php(353): CodeIgniter\CodeIgniter->handleRequest(NULL, Object(Config\Cache), false)
#11 C:\xampp\htdocs\proyectopanaderia-server\public\index.php(79): CodeIgniter\CodeIgniter->run()
#12 C:\xampp\htdocs\proyectopanaderia-server\system\Commands\Server\rewrite.php(47): require_once('C:\\xampp\\htdocs...')
#13 {main}
CRITICAL - 2026-03-12 13:46:07 --> Unknown column 'm.tabla_produccion_fecha_idTabla_Produccion' in 'where clause'
in SYSTEMPATH\Database\BaseConnection.php on line 646.
 1 SYSTEMPATH\Database\BaseBuilder.php(1616): CodeIgniter\Database\BaseConnection->query('SELECT `productos`.`Nombre_Producto`, `productos`.`Categoria`, `productos`.`Valor_Venta`, `salida_mercancia`.`Cantidad_Salida`, `sucursales`.`NombreSucursal`, `mercancia_sucursal`.`Confirmacion_Salida`, `mercancia_sucursal`.`Nota`, (
                    SELECT SUM(m.Cantidad_Eliminar) 
                    FROM mermasfinalesdescompuestos m
                    LEFT JOIN productos p_merma ON p_merma.idProductos = m.productos_idProductos
                    WHERE m.tabla_produccion_fecha_idTabla_Produccion = salida_mercancia.Tabla_Produccion_Fecha_idTabla_Produccion
                    AND m.Sucursales_idSucursales = salida_mercancia.Sucursales_idSucursales
                    
                    /* ============================================================== */
                    /* AQUI ESTÁ LA MAGIA: Solo sumamos si "historial" es igual a SI  */
                    /* ============================================================== */
                    AND m.historial = "SI"

                    AND (
                        /* CONDICIÓN 1: Si el producto tiene categoría, suma todas las mermas de esa misma categoría */
                        (productos.Categoria != "" AND productos.Categoria IS NOT NULL AND p_merma.Categoria = productos.Categoria)
                        OR 
                        /* CONDICIÓN 2: Si el producto NO tiene categoría, suma solo las mermas de su ID exacto */
                        ((productos.Categoria = "" OR productos.Categoria IS NULL) AND m.productos_idProductos = salida_mercancia.Productos_idProductos)
                    )
                ) as Total_Merma
FROM `salida_mercancia`
INNER JOIN `productos` ON `productos`.`idProductos` = `salida_mercancia`.`Productos_idProductos`
INNER JOIN `sucursales` ON `sucursales`.`idSucursales` = `salida_mercancia`.`Sucursales_idSucursales`
LEFT JOIN `mercancia_sucursal` ON `mercancia_sucursal`.`Salida_Mercancia_idSalida_Mercancia` = `salida_mercancia`.`idSalida_Mercancia`
WHERE `salida_mercancia`.`Tabla_Produccion_Fecha_idTabla_Produccion` = :salida_mercancia.Tabla_Produccion_Fecha_idTabla_Produccion:
ORDER BY `sucursales`.`NombreSucursal` ASC', [...], false)
 2 SYSTEMPATH\Model.php(237): CodeIgniter\Database\BaseBuilder->get()
 3 SYSTEMPATH\BaseModel.php(624): CodeIgniter\Model->doFindAll(0, 0)
 4 APPPATH\Models\SalidaMercancia.php(136): CodeIgniter\BaseModel->findAll()
 5 APPPATH\Controllers\Home.php(1882): App\Models\SalidaMercancia->ReporteDiarioDashboard('55')
 6 SYSTEMPATH\CodeIgniter.php(915): App\Controllers\Home->Dasboard()
 7 SYSTEMPATH\CodeIgniter.php(492): CodeIgniter\CodeIgniter->runController(Object(App\Controllers\Home))
 8 SYSTEMPATH\CodeIgniter.php(353): CodeIgniter\CodeIgniter->handleRequest(null, Object(Config\Cache), false)
 9 FCPATH\index.php(79): CodeIgniter\CodeIgniter->run()
10 SYSTEMPATH\Commands\Server\rewrite.php(47): require_once('C:\\xampp\\htdocs\\proyectopanaderia-server\\public\\index.php')
INFO - 2026-03-12 19:46:15 --> Session: Class initialized using 'CodeIgniter\Session\Handlers\FileHandler' driver.
INFO - 2026-03-12 19:46:15 --> Session: Class initialized using 'CodeIgniter\Session\Handlers\FileHandler' driver.
INFO - 2026-03-12 13:55:55 --> Session: Class initialized using 'CodeIgniter\Session\Handlers\FileHandler' driver.
INFO - 2026-03-12 19:55:55 --> Session: Class initialized using 'CodeIgniter\Session\Handlers\FileHandler' driver.
INFO - 2026-03-12 13:55:58 --> Session: Class initialized using 'CodeIgniter\Session\Handlers\FileHandler' driver.
INFO - 2026-03-12 19:55:58 --> Session: Class initialized using 'CodeIgniter\Session\Handlers\FileHandler' driver.
INFO - 2026-03-12 19:56:31 --> Session: Class initialized using 'CodeIgniter\Session\Handlers\FileHandler' driver.
INFO - 2026-03-12 19:56:32 --> Session: Class initialized using 'CodeIgniter\Session\Handlers\FileHandler' driver.
INFO - 2026-03-12 19:56:37 --> Session: Class initialized using 'CodeIgniter\Session\Handlers\FileHandler' driver.
INFO - 2026-03-12 19:56:38 --> Session: Class initialized using 'CodeIgniter\Session\Handlers\FileHandler' driver.
INFO - 2026-03-12 19:56:41 --> Session: Class initialized using 'CodeIgniter\Session\Handlers\FileHandler' driver.
INFO - 2026-03-12 19:56:42 --> Session: Class initialized using 'CodeIgniter\Session\Handlers\FileHandler' driver.
INFO - 2026-03-12 19:57:27 --> Session: Class initialized using 'CodeIgniter\Session\Handlers\FileHandler' driver.
INFO - 2026-03-12 19:57:31 --> Session: Class initialized using 'CodeIgniter\Session\Handlers\FileHandler' driver.
INFO - 2026-03-12 19:57:31 --> Session: Class initialized using 'CodeIgniter\Session\Handlers\FileHandler' driver.
INFO - 2026-03-12 13:57:39 --> Session: Class initialized using 'CodeIgniter\Session\Handlers\FileHandler' driver.
INFO - 2026-03-12 19:57:39 --> Session: Class initialized using 'CodeIgniter\Session\Handlers\FileHandler' driver.
INFO - 2026-03-12 19:58:21 --> Session: Class initialized using 'CodeIgniter\Session\Handlers\FileHandler' driver.
INFO - 2026-03-12 19:58:24 --> Session: Class initialized using 'CodeIgniter\Session\Handlers\FileHandler' driver.
INFO - 2026-03-12 19:58:24 --> Session: Class initialized using 'CodeIgniter\Session\Handlers\FileHandler' driver.
INFO - 2026-03-12 13:58:47 --> Session: Class initialized using 'CodeIgniter\Session\Handlers\FileHandler' driver.
INFO - 2026-03-12 19:58:48 --> Session: Class initialized using 'CodeIgniter\Session\Handlers\FileHandler' driver.
INFO - 2026-03-12 13:59:50 --> Session: Class initialized using 'CodeIgniter\Session\Handlers\FileHandler' driver.
INFO - 2026-03-12 19:59:51 --> Session: Class initialized using 'CodeIgniter\Session\Handlers\FileHandler' driver.
INFO - 2026-03-12 14:00:46 --> Session: Class initialized using 'CodeIgniter\Session\Handlers\FileHandler' driver.
INFO - 2026-03-12 20:00:47 --> Session: Class initialized using 'CodeIgniter\Session\Handlers\FileHandler' driver.
INFO - 2026-03-12 14:01:07 --> Session: Class initialized using 'CodeIgniter\Session\Handlers\FileHandler' driver.
INFO - 2026-03-12 20:01:07 --> Session: Class initialized using 'CodeIgniter\Session\Handlers\FileHandler' driver.
INFO - 2026-03-12 14:01:14 --> Session: Class initialized using 'CodeIgniter\Session\Handlers\FileHandler' driver.
INFO - 2026-03-12 20:01:14 --> Session: Class initialized using 'CodeIgniter\Session\Handlers\FileHandler' driver.
INFO - 2026-03-12 20:02:45 --> Session: Class initialized using 'CodeIgniter\Session\Handlers\FileHandler' driver.
INFO - 2026-03-12 14:02:50 --> Session: Class initialized using 'CodeIgniter\Session\Handlers\FileHandler' driver.
INFO - 2026-03-12 20:02:50 --> Session: Class initialized using 'CodeIgniter\Session\Handlers\FileHandler' driver.
INFO - 2026-03-12 20:03:47 --> Session: Class initialized using 'CodeIgniter\Session\Handlers\FileHandler' driver.
INFO - 2026-03-12 14:03:53 --> Session: Class initialized using 'CodeIgniter\Session\Handlers\FileHandler' driver.
INFO - 2026-03-12 20:03:53 --> Session: Class initialized using 'CodeIgniter\Session\Handlers\FileHandler' driver.
INFO - 2026-03-12 20:09:50 --> Session: Class initialized using 'CodeIgniter\Session\Handlers\FileHandler' driver.
INFO - 2026-03-12 20:09:50 --> Session: Class initialized using 'CodeIgniter\Session\Handlers\FileHandler' driver.
INFO - 2026-03-12 20:09:56 --> Session: Class initialized using 'CodeIgniter\Session\Handlers\FileHandler' driver.
INFO - 2026-03-12 20:09:57 --> Session: Class initialized using 'CodeIgniter\Session\Handlers\FileHandler' driver.
INFO - 2026-03-12 20:10:31 --> Session: Class initialized using 'CodeIgniter\Session\Handlers\FileHandler' driver.
INFO - 2026-03-12 20:10:32 --> Session: Class initialized using 'CodeIgniter\Session\Handlers\FileHandler' driver.
ERROR - 2026-03-12 14:13:57 --> mysqli_sql_exception: Unknown column 'mfd.Conteo_Merma' in 'field list' in C:\xampp\htdocs\proyectopanaderia-server\system\Database\MySQLi\Connection.php:306
Stack trace:
#0 C:\xampp\htdocs\proyectopanaderia-server\system\Database\MySQLi\Connection.php(306): mysqli->query('SELECT producto...', 0)
#1 C:\xampp\htdocs\proyectopanaderia-server\system\Database\BaseConnection.php(692): CodeIgniter\Database\MySQLi\Connection->execute('SELECT producto...')
#2 C:\xampp\htdocs\proyectopanaderia-server\system\Database\BaseConnection.php(606): CodeIgniter\Database\BaseConnection->simpleQuery('SELECT producto...')
#3 C:\xampp\htdocs\proyectopanaderia-server\system\Database\BaseBuilder.php(1616): CodeIgniter\Database\BaseConnection->query('SELECT producto...', Array, false)
#4 C:\xampp\htdocs\proyectopanaderia-server\system\Model.php(237): CodeIgniter\Database\BaseBuilder->get()
#5 C:\xampp\htdocs\proyectopanaderia-server\system\BaseModel.php(624): CodeIgniter\Model->doFindAll(0, 0)
#6 C:\xampp\htdocs\proyectopanaderia-server\app\Models\SalidaMercancia.php(157): CodeIgniter\BaseModel->findAll()
#7 C:\xampp\htdocs\proyectopanaderia-server\app\Controllers\Home.php(1882): App\Models\SalidaMercancia->ReporteDiarioDashboard('52')
#8 C:\xampp\htdocs\proyectopanaderia-server\system\CodeIgniter.php(915): App\Controllers\Home->Dasboard()
#9 C:\xampp\htdocs\proyectopanaderia-server\system\CodeIgniter.php(492): CodeIgniter\CodeIgniter->runController(Object(App\Controllers\Home))
#10 C:\xampp\htdocs\proyectopanaderia-server\system\CodeIgniter.php(353): CodeIgniter\CodeIgniter->handleRequest(NULL, Object(Config\Cache), false)
#11 C:\xampp\htdocs\proyectopanaderia-server\public\index.php(79): CodeIgniter\CodeIgniter->run()
#12 C:\xampp\htdocs\proyectopanaderia-server\system\Commands\Server\rewrite.php(47): require_once('C:\\xampp\\htdocs...')
#13 {main}
CRITICAL - 2026-03-12 14:13:57 --> Unknown column 'mfd.Conteo_Merma' in 'field list'
in SYSTEMPATH\Database\BaseConnection.php on line 646.
 1 SYSTEMPATH\Database\BaseBuilder.php(1616): CodeIgniter\Database\BaseConnection->query('SELECT productos.Nombre_Producto, 
                productos.Categoria,
                productos.Valor_Venta,
                salida_mercancia.Cantidad_Salida, 
                sucursales.NombreSucursal, 
                mercancia_sucursal.Confirmacion_Salida, 
                mercancia_sucursal.Nota,
                (
                    /* ========================================================== */
                    /* 1. SUMAMOS LAS MERMAS NORMALES (Estas siempre repercuten)  */
                    /* ========================================================== */
                    COALESCE((
                        SELECT SUM(m.Conteo_Merma) 
                        FROM mermas m
                        LEFT JOIN productos p_merma ON p_merma.idProductos = m.productos_idProductos
                        LEFT JOIN empleados e ON e.users_id = m.users_id
                        LEFT JOIN sucursales s_merma ON s_merma.Empleados_idEmpleados = e.idEmpleados
                        WHERE m.tabla_produccion_fecha_idTabla_Produccion = salida_mercancia.Tabla_Produccion_Fecha_idTabla_Produccion
                        AND s_merma.idSucursales = salida_mercancia.Sucursales_idSucursales
                        AND (
                            (productos.Categoria != "" AND productos.Categoria IS NOT NULL AND p_merma.Categoria = productos.Categoria)
                            OR ((productos.Categoria = "" OR productos.Categoria IS NULL) AND m.productos_idProductos = salida_mercancia.Productos_idProductos)
                        )
                    ), 0) 
                    
                    + 
                    
                    /* ========================================================== */
                    /* 2. SUMAMOS MERMAS FINAL DESCOMPUESTOS (SOLO SI DICE "SI")  */
                    /* ========================================================== */
                    COALESCE((
                        SELECT SUM(mfd.Conteo_Merma) 
                        FROM mermasfinalesdescompuestos mfd
                        LEFT JOIN productos p_merma ON p_merma.idProductos = mfd.productos_idProductos
                        LEFT JOIN empleados e ON e.users_id = mfd.users_id
                        LEFT JOIN sucursales s_merma ON s_merma.Empleados_idEmpleados = e.idEmpleados
                        WHERE mfd.tabla_produccion_fecha_idTabla_Produccion = salida_mercancia.Tabla_Produccion_Fecha_idTabla_Produccion
                        AND s_merma.idSucursales = salida_mercancia.Sucursales_idSucursales
                        
                        /* AQUI ESTÁ TU REGLA DE ORO */
                        AND mfd.Historial = "SI"

                        AND (
                            (productos.Categoria != "" AND productos.Categoria IS NOT NULL AND p_merma.Categoria = productos.Categoria)
                            OR ((productos.Categoria = "" OR productos.Categoria IS NULL) AND mfd.productos_idProductos = salida_mercancia.Productos_idProductos)
                        )
                    ), 0)
                ) as Total_Merma
FROM `salida_mercancia`
INNER JOIN `productos` ON `productos`.`idProductos` = `salida_mercancia`.`Productos_idProductos`
INNER JOIN `sucursales` ON `sucursales`.`idSucursales` = `salida_mercancia`.`Sucursales_idSucursales`
LEFT JOIN `mercancia_sucursal` ON `mercancia_sucursal`.`Salida_Mercancia_idSalida_Mercancia` = `salida_mercancia`.`idSalida_Mercancia`
WHERE `salida_mercancia`.`Tabla_Produccion_Fecha_idTabla_Produccion` = :salida_mercancia.Tabla_Produccion_Fecha_idTabla_Produccion:
ORDER BY `sucursales`.`NombreSucursal` ASC', [...], false)
 2 SYSTEMPATH\Model.php(237): CodeIgniter\Database\BaseBuilder->get()
 3 SYSTEMPATH\BaseModel.php(624): CodeIgniter\Model->doFindAll(0, 0)
 4 APPPATH\Models\SalidaMercancia.php(157): CodeIgniter\BaseModel->findAll()
 5 APPPATH\Controllers\Home.php(1882): App\Models\SalidaMercancia->ReporteDiarioDashboard('52')
 6 SYSTEMPATH\CodeIgniter.php(915): App\Controllers\Home->Dasboard()
 7 SYSTEMPATH\CodeIgniter.php(492): CodeIgniter\CodeIgniter->runController(Object(App\Controllers\Home))
 8 SYSTEMPATH\CodeIgniter.php(353): CodeIgniter\CodeIgniter->handleRequest(null, Object(Config\Cache), false)
 9 FCPATH\index.php(79): CodeIgniter\CodeIgniter->run()
10 SYSTEMPATH\Commands\Server\rewrite.php(47): require_once('C:\\xampp\\htdocs\\proyectopanaderia-server\\public\\index.php')
INFO - 2026-03-12 14:19:03 --> Session: Class initialized using 'CodeIgniter\Session\Handlers\FileHandler' driver.
INFO - 2026-03-12 20:19:03 --> Session: Class initialized using 'CodeIgniter\Session\Handlers\FileHandler' driver.
INFO - 2026-03-12 20:22:00 --> Session: Class initialized using 'CodeIgniter\Session\Handlers\FileHandler' driver.
INFO - 2026-03-12 20:22:00 --> Session: Class initialized using 'CodeIgniter\Session\Handlers\FileHandler' driver.
INFO - 2026-03-12 20:22:48 --> Session: Class initialized using 'CodeIgniter\Session\Handlers\FileHandler' driver.
INFO - 2026-03-12 20:22:52 --> Session: Class initialized using 'CodeIgniter\Session\Handlers\FileHandler' driver.
INFO - 2026-03-12 20:22:52 --> Session: Class initialized using 'CodeIgniter\Session\Handlers\FileHandler' driver.
INFO - 2026-03-12 14:23:01 --> Session: Class initialized using 'CodeIgniter\Session\Handlers\FileHandler' driver.
INFO - 2026-03-12 20:23:02 --> Session: Class initialized using 'CodeIgniter\Session\Handlers\FileHandler' driver.
INFO - 2026-03-12 20:23:12 --> Session: Class initialized using 'CodeIgniter\Session\Handlers\FileHandler' driver.
INFO - 2026-03-12 20:23:12 --> Session: Class initialized using 'CodeIgniter\Session\Handlers\FileHandler' driver.
INFO - 2026-03-12 20:24:29 --> Session: Class initialized using 'CodeIgniter\Session\Handlers\FileHandler' driver.
INFO - 2026-03-12 20:24:29 --> Session: Class initialized using 'CodeIgniter\Session\Handlers\FileHandler' driver.
INFO - 2026-03-12 20:25:13 --> Session: Class initialized using 'CodeIgniter\Session\Handlers\FileHandler' driver.
INFO - 2026-03-12 20:25:15 --> Session: Class initialized using 'CodeIgniter\Session\Handlers\FileHandler' driver.
INFO - 2026-03-12 20:25:16 --> Session: Class initialized using 'CodeIgniter\Session\Handlers\FileHandler' driver.
INFO - 2026-03-12 14:25:23 --> Session: Class initialized using 'CodeIgniter\Session\Handlers\FileHandler' driver.
INFO - 2026-03-12 20:25:24 --> Session: Class initialized using 'CodeIgniter\Session\Handlers\FileHandler' driver.
INFO - 2026-03-12 14:25:39 --> Session: Class initialized using 'CodeIgniter\Session\Handlers\FileHandler' driver.
INFO - 2026-03-12 20:25:40 --> Session: Class initialized using 'CodeIgniter\Session\Handlers\FileHandler' driver.
INFO - 2026-03-12 14:26:12 --> Session: Class initialized using 'CodeIgniter\Session\Handlers\FileHandler' driver.
INFO - 2026-03-12 20:26:12 --> Session: Class initialized using 'CodeIgniter\Session\Handlers\FileHandler' driver.
INFO - 2026-03-12 14:26:29 --> Session: Class initialized using 'CodeIgniter\Session\Handlers\FileHandler' driver.
INFO - 2026-03-12 20:26:29 --> Session: Class initialized using 'CodeIgniter\Session\Handlers\FileHandler' driver.
INFO - 2026-03-12 14:26:42 --> Session: Class initialized using 'CodeIgniter\Session\Handlers\FileHandler' driver.
INFO - 2026-03-12 20:26:42 --> Session: Class initialized using 'CodeIgniter\Session\Handlers\FileHandler' driver.
INFO - 2026-03-12 14:38:13 --> Session: Class initialized using 'CodeIgniter\Session\Handlers\FileHandler' driver.
INFO - 2026-03-12 20:38:13 --> Session: Class initialized using 'CodeIgniter\Session\Handlers\FileHandler' driver.
INFO - 2026-03-12 20:38:43 --> Session: Class initialized using 'CodeIgniter\Session\Handlers\FileHandler' driver.
INFO - 2026-03-12 20:38:43 --> Session: Class initialized using 'CodeIgniter\Session\Handlers\FileHandler' driver.
INFO - 2026-03-12 20:39:16 --> Session: Class initialized using 'CodeIgniter\Session\Handlers\FileHandler' driver.
INFO - 2026-03-12 20:39:16 --> Session: Class initialized using 'CodeIgniter\Session\Handlers\FileHandler' driver.
INFO - 2026-03-12 14:39:34 --> Session: Class initialized using 'CodeIgniter\Session\Handlers\FileHandler' driver.
INFO - 2026-03-12 20:39:35 --> Session: Class initialized using 'CodeIgniter\Session\Handlers\FileHandler' driver.
INFO - 2026-03-12 14:39:38 --> Session: Class initialized using 'CodeIgniter\Session\Handlers\FileHandler' driver.
INFO - 2026-03-12 20:39:39 --> Session: Class initialized using 'CodeIgniter\Session\Handlers\FileHandler' driver.
INFO - 2026-03-12 14:39:41 --> Session: Class initialized using 'CodeIgniter\Session\Handlers\FileHandler' driver.
INFO - 2026-03-12 20:39:41 --> Session: Class initialized using 'CodeIgniter\Session\Handlers\FileHandler' driver.
INFO - 2026-03-12 14:39:46 --> Session: Class initialized using 'CodeIgniter\Session\Handlers\FileHandler' driver.
INFO - 2026-03-12 20:39:46 --> Session: Class initialized using 'CodeIgniter\Session\Handlers\FileHandler' driver.
INFO - 2026-03-12 14:42:01 --> Session: Class initialized using 'CodeIgniter\Session\Handlers\FileHandler' driver.
INFO - 2026-03-12 20:42:02 --> Session: Class initialized using 'CodeIgniter\Session\Handlers\FileHandler' driver.
INFO - 2026-03-12 14:43:57 --> Session: Class initialized using 'CodeIgniter\Session\Handlers\FileHandler' driver.
INFO - 2026-03-12 20:43:57 --> Session: Class initialized using 'CodeIgniter\Session\Handlers\FileHandler' driver.
INFO - 2026-03-12 14:44:27 --> Session: Class initialized using 'CodeIgniter\Session\Handlers\FileHandler' driver.
INFO - 2026-03-12 20:44:27 --> Session: Class initialized using 'CodeIgniter\Session\Handlers\FileHandler' driver.
INFO - 2026-03-12 14:44:47 --> Session: Class initialized using 'CodeIgniter\Session\Handlers\FileHandler' driver.
INFO - 2026-03-12 20:44:47 --> Session: Class initialized using 'CodeIgniter\Session\Handlers\FileHandler' driver.
INFO - 2026-03-12 23:43:08 --> Session: Class initialized using 'CodeIgniter\Session\Handlers\FileHandler' driver.
INFO - 2026-03-12 23:43:12 --> Session: Class initialized using 'CodeIgniter\Session\Handlers\FileHandler' driver.
INFO - 2026-03-12 23:43:12 --> Session: Class initialized using 'CodeIgniter\Session\Handlers\FileHandler' driver.
INFO - 2026-03-12 23:43:52 --> Session: Class initialized using 'CodeIgniter\Session\Handlers\FileHandler' driver.
INFO - 2026-03-12 23:43:52 --> Session: Class initialized using 'CodeIgniter\Session\Handlers\FileHandler' driver.
INFO - 2026-03-12 23:43:53 --> Session: Class initialized using 'CodeIgniter\Session\Handlers\FileHandler' driver.
INFO - 2026-03-12 23:44:32 --> Session: Class initialized using 'CodeIgniter\Session\Handlers\FileHandler' driver.
INFO - 2026-03-12 23:44:33 --> Session: Class initialized using 'CodeIgniter\Session\Handlers\FileHandler' driver.
INFO - 2026-03-12 23:45:15 --> Session: Class initialized using 'CodeIgniter\Session\Handlers\FileHandler' driver.
INFO - 2026-03-12 23:45:15 --> Session: Class initialized using 'CodeIgniter\Session\Handlers\FileHandler' driver.
INFO - 2026-03-12 23:45:15 --> Session: Class initialized using 'CodeIgniter\Session\Handlers\FileHandler' driver.
INFO - 2026-03-12 23:45:15 --> Session: Class initialized using 'CodeIgniter\Session\Handlers\FileHandler' driver.
INFO - 2026-03-12 23:47:12 --> Session: Class initialized using 'CodeIgniter\Session\Handlers\FileHandler' driver.
INFO - 2026-03-12 23:47:12 --> Session: Class initialized using 'CodeIgniter\Session\Handlers\FileHandler' driver.
CRITICAL - 2026-03-12 23:49:14 --> Call to a member function can() on null
in APPPATH\Config\Auth.php on line 451.
 1 VENDORPATH\codeigniter4\shield\src\Controllers\LoginController.php(103): Config\Auth->logoutRedirect()
 2 SYSTEMPATH\CodeIgniter.php(915): CodeIgniter\Shield\Controllers\LoginController->logoutAction()
 3 SYSTEMPATH\CodeIgniter.php(492): CodeIgniter\CodeIgniter->runController(Object(CodeIgniter\Shield\Controllers\LoginController))
 4 SYSTEMPATH\CodeIgniter.php(353): CodeIgniter\CodeIgniter->handleRequest(null, Object(Config\Cache), false)
 5 FCPATH\index.php(79): CodeIgniter\CodeIgniter->run()
 6 SYSTEMPATH\Commands\Server\rewrite.php(47): require_once('C:\\xampp\\htdocs\\proyectopanaderia-server\\public\\index.php')
CRITICAL - 2026-03-12 23:49:16 --> Call to a member function can() on null
in APPPATH\Config\Auth.php on line 451.
 1 VENDORPATH\codeigniter4\shield\src\Controllers\LoginController.php(103): Config\Auth->logoutRedirect()
 2 SYSTEMPATH\CodeIgniter.php(915): CodeIgniter\Shield\Controllers\LoginController->logoutAction()
 3 SYSTEMPATH\CodeIgniter.php(492): CodeIgniter\CodeIgniter->runController(Object(CodeIgniter\Shield\Controllers\LoginController))
 4 SYSTEMPATH\CodeIgniter.php(353): CodeIgniter\CodeIgniter->handleRequest(null, Object(Config\Cache), false)
 5 FCPATH\index.php(79): CodeIgniter\CodeIgniter->run()
 6 SYSTEMPATH\Commands\Server\rewrite.php(47): require_once('C:\\xampp\\htdocs\\proyectopanaderia-server\\public\\index.php')
