CRITICAL - 2026-03-16 09:20:50 --> count(): Argument #1 ($value) must be of type Countable|array, bool given
in APPPATH\Controllers\Home.php on line 430.
 1 APPPATH\Controllers\Home.php(430): count(false)
 2 SYSTEMPATH\CodeIgniter.php(915): App\Controllers\Home->obtenerNotificacionesAjax()
 3 SYSTEMPATH\CodeIgniter.php(492): CodeIgniter\CodeIgniter->runController(Object(App\Controllers\Home))
 4 SYSTEMPATH\CodeIgniter.php(353): CodeIgniter\CodeIgniter->handleRequest(null, Object(Config\Cache), false)
 5 FCPATH\index.php(79): CodeIgniter\CodeIgniter->run()
 6 SYSTEMPATH\Commands\Server\rewrite.php(47): require_once('C:\\xampp\\htdocs\\proyectopanaderia-server\\public\\index.php')
CRITICAL - 2026-03-16 09:20:50 --> count(): Argument #1 ($value) must be of type Countable|array, bool given
in APPPATH\Controllers\Home.php on line 430.
 1 APPPATH\Controllers\Home.php(430): count(false)
 2 SYSTEMPATH\CodeIgniter.php(915): App\Controllers\Home->obtenerNotificacionesAjax()
 3 SYSTEMPATH\CodeIgniter.php(492): CodeIgniter\CodeIgniter->runController(Object(App\Controllers\Home))
 4 SYSTEMPATH\CodeIgniter.php(353): CodeIgniter\CodeIgniter->handleRequest(null, Object(Config\Cache), false)
 5 FCPATH\index.php(79): CodeIgniter\CodeIgniter->run()
 6 SYSTEMPATH\Commands\Server\rewrite.php(47): require_once('C:\\xampp\\htdocs\\proyectopanaderia-server\\public\\index.php')
CRITICAL - 2026-03-16 09:21:01 --> count(): Argument #1 ($value) must be of type Countable|array, bool given
in APPPATH\Controllers\Home.php on line 430.
 1 APPPATH\Controllers\Home.php(430): count(false)
 2 SYSTEMPATH\CodeIgniter.php(915): App\Controllers\Home->obtenerNotificacionesAjax()
 3 SYSTEMPATH\CodeIgniter.php(492): CodeIgniter\CodeIgniter->runController(Object(App\Controllers\Home))
 4 SYSTEMPATH\CodeIgniter.php(353): CodeIgniter\CodeIgniter->handleRequest(null, Object(Config\Cache), false)
 5 FCPATH\index.php(79): CodeIgniter\CodeIgniter->run()
 6 SYSTEMPATH\Commands\Server\rewrite.php(47): require_once('C:\\xampp\\htdocs\\proyectopanaderia-server\\public\\index.php')
CRITICAL - 2026-03-16 09:21:01 --> count(): Argument #1 ($value) must be of type Countable|array, bool given
in APPPATH\Controllers\Home.php on line 430.
 1 APPPATH\Controllers\Home.php(430): count(false)
 2 SYSTEMPATH\CodeIgniter.php(915): App\Controllers\Home->obtenerNotificacionesAjax()
 3 SYSTEMPATH\CodeIgniter.php(492): CodeIgniter\CodeIgniter->runController(Object(App\Controllers\Home))
 4 SYSTEMPATH\CodeIgniter.php(353): CodeIgniter\CodeIgniter->handleRequest(null, Object(Config\Cache), false)
 5 FCPATH\index.php(79): CodeIgniter\CodeIgniter->run()
 6 SYSTEMPATH\Commands\Server\rewrite.php(47): require_once('C:\\xampp\\htdocs\\proyectopanaderia-server\\public\\index.php')
CRITICAL - 2026-03-16 09:21:09 --> count(): Argument #1 ($value) must be of type Countable|array, bool given
in APPPATH\Controllers\Home.php on line 430.
 1 APPPATH\Controllers\Home.php(430): count(false)
 2 SYSTEMPATH\CodeIgniter.php(915): App\Controllers\Home->obtenerNotificacionesAjax()
 3 SYSTEMPATH\CodeIgniter.php(492): CodeIgniter\CodeIgniter->runController(Object(App\Controllers\Home))
 4 SYSTEMPATH\CodeIgniter.php(353): CodeIgniter\CodeIgniter->handleRequest(null, Object(Config\Cache), false)
 5 FCPATH\index.php(79): CodeIgniter\CodeIgniter->run()
 6 SYSTEMPATH\Commands\Server\rewrite.php(47): require_once('C:\\xampp\\htdocs\\proyectopanaderia-server\\public\\index.php')
CRITICAL - 2026-03-16 09:21:09 --> count(): Argument #1 ($value) must be of type Countable|array, bool given
in APPPATH\Controllers\Home.php on line 430.
 1 APPPATH\Controllers\Home.php(430): count(false)
 2 SYSTEMPATH\CodeIgniter.php(915): App\Controllers\Home->obtenerNotificacionesAjax()
 3 SYSTEMPATH\CodeIgniter.php(492): CodeIgniter\CodeIgniter->runController(Object(App\Controllers\Home))
 4 SYSTEMPATH\CodeIgniter.php(353): CodeIgniter\CodeIgniter->handleRequest(null, Object(Config\Cache), false)
 5 FCPATH\index.php(79): CodeIgniter\CodeIgniter->run()
 6 SYSTEMPATH\Commands\Server\rewrite.php(47): require_once('C:\\xampp\\htdocs\\proyectopanaderia-server\\public\\index.php')
CRITICAL - 2026-03-16 09:21:15 --> count(): Argument #1 ($value) must be of type Countable|array, bool given
in APPPATH\Controllers\Home.php on line 430.
 1 APPPATH\Controllers\Home.php(430): count(false)
 2 SYSTEMPATH\CodeIgniter.php(915): App\Controllers\Home->obtenerNotificacionesAjax()
 3 SYSTEMPATH\CodeIgniter.php(492): CodeIgniter\CodeIgniter->runController(Object(App\Controllers\Home))
 4 SYSTEMPATH\CodeIgniter.php(353): CodeIgniter\CodeIgniter->handleRequest(null, Object(Config\Cache), false)
 5 FCPATH\index.php(79): CodeIgniter\CodeIgniter->run()
 6 SYSTEMPATH\Commands\Server\rewrite.php(47): require_once('C:\\xampp\\htdocs\\proyectopanaderia-server\\public\\index.php')
CRITICAL - 2026-03-16 09:21:16 --> count(): Argument #1 ($value) must be of type Countable|array, bool given
in APPPATH\Controllers\Home.php on line 430.
 1 APPPATH\Controllers\Home.php(430): count(false)
 2 SYSTEMPATH\CodeIgniter.php(915): App\Controllers\Home->obtenerNotificacionesAjax()
 3 SYSTEMPATH\CodeIgniter.php(492): CodeIgniter\CodeIgniter->runController(Object(App\Controllers\Home))
 4 SYSTEMPATH\CodeIgniter.php(353): CodeIgniter\CodeIgniter->handleRequest(null, Object(Config\Cache), false)
 5 FCPATH\index.php(79): CodeIgniter\CodeIgniter->run()
 6 SYSTEMPATH\Commands\Server\rewrite.php(47): require_once('C:\\xampp\\htdocs\\proyectopanaderia-server\\public\\index.php')
