CRITICAL - 2025-01-17 00:42:15 --> Class "Locale" not found
in SYSTEMPATH\CodeIgniter.php on line 214.
 1 ROOTPATH\spark(88): CodeIgniter\CodeIgniter->initialize()
CRITICAL - 2025-01-17 00:42:15 --> Uncaught Error: Class "Locale" not found in C:\xampp\htdocs\proyectopanaderia\system\HTTP\IncomingRequest.php:498
Stack trace:
#0 C:\xampp\htdocs\proyectopanaderia\system\HTTP\IncomingRequest.php(227): CodeIgniter\HTTP\IncomingRequest->setLocale('es')
#1 C:\xampp\htdocs\proyectopanaderia\system\HTTP\IncomingRequest.php(184): CodeIgniter\HTTP\IncomingRequest->detectLocale(Object(Config\App))
#2 C:\xampp\htdocs\proyectopanaderia\system\Config\Services.php(563): CodeIgniter\HTTP\IncomingRequest->__construct(Object(Config\App), Object(CodeIgniter\HTTP\SiteURI), '', Object(CodeIgniter\HTTP\UserAgent))
#3 C:\xampp\htdocs\proyectopanaderia\system\Config\Services.php(523): CodeIgniter\Config\Services::incomingrequest(Object(Config\App), false)
#4 C:\xampp\htdocs\proyectopanaderia\system\Config\BaseService.php(258): CodeIgniter\Config\Services::request(NULL, false)
#5 C:\xampp\htdocs\proyectopanaderia\system\Config\BaseService.php(199): CodeIgniter\Config\BaseService::__callStatic('request', Array)
#6 C:\xampp\htdocs\proyectopanaderia\system\Config\Services.php(519): CodeIgniter\Config\BaseService::getSharedInstance('request', NULL)
#7 C:\xampp\htdocs\proyectopanaderia\system\Config\BaseService.php(258): CodeIgniter\Config\Services::request()
#8 C:\xampp\htdocs\proyectopanaderia\system\Debug\Exceptions.php(135): CodeIgniter\Config\BaseService::__callStatic('request', Array)
#9 [internal function]: CodeIgniter\Debug\Exceptions->exceptionHandler(Object(Error))
#10 {main}
  thrown
【Previous Exception】
Error
Class "Locale" not found
#0 C:\xampp\htdocs\proyectopanaderia\spark(88): CodeIgniter\CodeIgniter->initialize()
#1 {main}
in SYSTEMPATH\HTTP\IncomingRequest.php on line 498.
 1 [internal function]: CodeIgniter\Debug\Exceptions->shutdownHandler()
CRITICAL - 2025-01-17 00:44:43 --> Class "Locale" not found
in SYSTEMPATH\CodeIgniter.php on line 214.
 1 ROOTPATH\spark(88): CodeIgniter\CodeIgniter->initialize()
CRITICAL - 2025-01-17 00:44:43 --> Uncaught Error: Class "Locale" not found in C:\xampp\htdocs\proyectopanaderia\system\HTTP\IncomingRequest.php:498
Stack trace:
#0 C:\xampp\htdocs\proyectopanaderia\system\HTTP\IncomingRequest.php(227): CodeIgniter\HTTP\IncomingRequest->setLocale('es')
#1 C:\xampp\htdocs\proyectopanaderia\system\HTTP\IncomingRequest.php(184): CodeIgniter\HTTP\IncomingRequest->detectLocale(Object(Config\App))
#2 C:\xampp\htdocs\proyectopanaderia\system\Config\Services.php(563): CodeIgniter\HTTP\IncomingRequest->__construct(Object(Config\App), Object(CodeIgniter\HTTP\SiteURI), '', Object(CodeIgniter\HTTP\UserAgent))
#3 C:\xampp\htdocs\proyectopanaderia\system\Config\Services.php(523): CodeIgniter\Config\Services::incomingrequest(Object(Config\App), false)
#4 C:\xampp\htdocs\proyectopanaderia\system\Config\BaseService.php(258): CodeIgniter\Config\Services::request(NULL, false)
#5 C:\xampp\htdocs\proyectopanaderia\system\Config\BaseService.php(199): CodeIgniter\Config\BaseService::__callStatic('request', Array)
#6 C:\xampp\htdocs\proyectopanaderia\system\Config\Services.php(519): CodeIgniter\Config\BaseService::getSharedInstance('request', NULL)
#7 C:\xampp\htdocs\proyectopanaderia\system\Config\BaseService.php(258): CodeIgniter\Config\Services::request()
#8 C:\xampp\htdocs\proyectopanaderia\system\Debug\Exceptions.php(135): CodeIgniter\Config\BaseService::__callStatic('request', Array)
#9 [internal function]: CodeIgniter\Debug\Exceptions->exceptionHandler(Object(Error))
#10 {main}
  thrown
【Previous Exception】
Error
Class "Locale" not found
#0 C:\xampp\htdocs\proyectopanaderia\spark(88): CodeIgniter\CodeIgniter->initialize()
#1 {main}
in SYSTEMPATH\HTTP\IncomingRequest.php on line 498.
 1 [internal function]: CodeIgniter\Debug\Exceptions->shutdownHandler()
CRITICAL - 2025-01-17 00:45:01 --> Class "Locale" not found
in SYSTEMPATH\CodeIgniter.php on line 214.
 1 ROOTPATH\spark(88): CodeIgniter\CodeIgniter->initialize()
CRITICAL - 2025-01-17 00:45:01 --> Uncaught Error: Class "Locale" not found in C:\xampp\htdocs\proyectopanaderia\system\HTTP\IncomingRequest.php:498
Stack trace:
#0 C:\xampp\htdocs\proyectopanaderia\system\HTTP\IncomingRequest.php(227): CodeIgniter\HTTP\IncomingRequest->setLocale('es')
#1 C:\xampp\htdocs\proyectopanaderia\system\HTTP\IncomingRequest.php(184): CodeIgniter\HTTP\IncomingRequest->detectLocale(Object(Config\App))
#2 C:\xampp\htdocs\proyectopanaderia\system\Config\Services.php(563): CodeIgniter\HTTP\IncomingRequest->__construct(Object(Config\App), Object(CodeIgniter\HTTP\SiteURI), '', Object(CodeIgniter\HTTP\UserAgent))
#3 C:\xampp\htdocs\proyectopanaderia\system\Config\Services.php(523): CodeIgniter\Config\Services::incomingrequest(Object(Config\App), false)
#4 C:\xampp\htdocs\proyectopanaderia\system\Config\BaseService.php(258): CodeIgniter\Config\Services::request(NULL, false)
#5 C:\xampp\htdocs\proyectopanaderia\system\Config\BaseService.php(199): CodeIgniter\Config\BaseService::__callStatic('request', Array)
#6 C:\xampp\htdocs\proyectopanaderia\system\Config\Services.php(519): CodeIgniter\Config\BaseService::getSharedInstance('request', NULL)
#7 C:\xampp\htdocs\proyectopanaderia\system\Config\BaseService.php(258): CodeIgniter\Config\Services::request()
#8 C:\xampp\htdocs\proyectopanaderia\system\Debug\Exceptions.php(135): CodeIgniter\Config\BaseService::__callStatic('request', Array)
#9 [internal function]: CodeIgniter\Debug\Exceptions->exceptionHandler(Object(Error))
#10 {main}
  thrown
【Previous Exception】
Error
Class "Locale" not found
#0 C:\xampp\htdocs\proyectopanaderia\spark(88): CodeIgniter\CodeIgniter->initialize()
#1 {main}
in SYSTEMPATH\HTTP\IncomingRequest.php on line 498.
 1 [internal function]: CodeIgniter\Debug\Exceptions->shutdownHandler()
CRITICAL - 2025-01-17 00:45:46 --> Class "Locale" not found
in SYSTEMPATH\CodeIgniter.php on line 214.
 1 ROOTPATH\spark(88): CodeIgniter\CodeIgniter->initialize()
CRITICAL - 2025-01-17 00:45:46 --> Uncaught Error: Class "Locale" not found in C:\xampp\htdocs\proyectopanaderia\system\HTTP\IncomingRequest.php:498
Stack trace:
#0 C:\xampp\htdocs\proyectopanaderia\system\HTTP\IncomingRequest.php(227): CodeIgniter\HTTP\IncomingRequest->setLocale('es')
#1 C:\xampp\htdocs\proyectopanaderia\system\HTTP\IncomingRequest.php(184): CodeIgniter\HTTP\IncomingRequest->detectLocale(Object(Config\App))
#2 C:\xampp\htdocs\proyectopanaderia\system\Config\Services.php(563): CodeIgniter\HTTP\IncomingRequest->__construct(Object(Config\App), Object(CodeIgniter\HTTP\SiteURI), '', Object(CodeIgniter\HTTP\UserAgent))
#3 C:\xampp\htdocs\proyectopanaderia\system\Config\Services.php(523): CodeIgniter\Config\Services::incomingrequest(Object(Config\App), false)
#4 C:\xampp\htdocs\proyectopanaderia\system\Config\BaseService.php(258): CodeIgniter\Config\Services::request(NULL, false)
#5 C:\xampp\htdocs\proyectopanaderia\system\Config\BaseService.php(199): CodeIgniter\Config\BaseService::__callStatic('request', Array)
#6 C:\xampp\htdocs\proyectopanaderia\system\Config\Services.php(519): CodeIgniter\Config\BaseService::getSharedInstance('request', NULL)
#7 C:\xampp\htdocs\proyectopanaderia\system\Config\BaseService.php(258): CodeIgniter\Config\Services::request()
#8 C:\xampp\htdocs\proyectopanaderia\system\Debug\Exceptions.php(135): CodeIgniter\Config\BaseService::__callStatic('request', Array)
#9 [internal function]: CodeIgniter\Debug\Exceptions->exceptionHandler(Object(Error))
#10 {main}
  thrown
【Previous Exception】
Error
Class "Locale" not found
#0 C:\xampp\htdocs\proyectopanaderia\spark(88): CodeIgniter\CodeIgniter->initialize()
#1 {main}
in SYSTEMPATH\HTTP\IncomingRequest.php on line 498.
 1 [internal function]: CodeIgniter\Debug\Exceptions->shutdownHandler()
INFO - 2025-01-17 06:51:53 --> Session: Class initialized using 'CodeIgniter\Session\Handlers\FileHandler' driver.
INFO - 2025-01-17 06:51:53 --> Session: Class initialized using 'CodeIgniter\Session\Handlers\FileHandler' driver.
INFO - 2025-01-17 06:52:14 --> Session: Class initialized using 'CodeIgniter\Session\Handlers\FileHandler' driver.
INFO - 2025-01-17 06:52:14 --> Session: Class initialized using 'CodeIgniter\Session\Handlers\FileHandler' driver.
INFO - 2025-01-17 06:52:14 --> Session: Class initialized using 'CodeIgniter\Session\Handlers\FileHandler' driver.
INFO - 2025-01-17 06:52:16 --> Session: Class initialized using 'CodeIgniter\Session\Handlers\FileHandler' driver.
INFO - 2025-01-17 06:52:17 --> Session: Class initialized using 'CodeIgniter\Session\Handlers\FileHandler' driver.
INFO - 2025-01-17 06:52:17 --> Session: Class initialized using 'CodeIgniter\Session\Handlers\FileHandler' driver.
INFO - 2025-01-17 06:52:22 --> Session: Class initialized using 'CodeIgniter\Session\Handlers\FileHandler' driver.
INFO - 2025-01-17 06:52:23 --> Session: Class initialized using 'CodeIgniter\Session\Handlers\FileHandler' driver.
INFO - 2025-01-17 06:52:29 --> Session: Class initialized using 'CodeIgniter\Session\Handlers\FileHandler' driver.
INFO - 2025-01-17 06:52:30 --> Session: Class initialized using 'CodeIgniter\Session\Handlers\FileHandler' driver.
INFO - 2025-01-17 00:52:33 --> Session: Class initialized using 'CodeIgniter\Session\Handlers\FileHandler' driver.
INFO - 2025-01-17 06:52:33 --> Session: Class initialized using 'CodeIgniter\Session\Handlers\FileHandler' driver.
INFO - 2025-01-17 06:52:35 --> Session: Class initialized using 'CodeIgniter\Session\Handlers\FileHandler' driver.
INFO - 2025-01-17 06:52:36 --> Session: Class initialized using 'CodeIgniter\Session\Handlers\FileHandler' driver.
INFO - 2025-01-17 23:57:47 --> Session: Class initialized using 'CodeIgniter\Session\Handlers\FileHandler' driver.
INFO - 2025-01-17 23:57:47 --> Session: Class initialized using 'CodeIgniter\Session\Handlers\FileHandler' driver.
INFO - 2025-01-17 23:57:49 --> Session: Class initialized using 'CodeIgniter\Session\Handlers\FileHandler' driver.
INFO - 2025-01-17 23:57:55 --> Session: Class initialized using 'CodeIgniter\Session\Handlers\FileHandler' driver.
INFO - 2025-01-17 23:57:55 --> Session: Class initialized using 'CodeIgniter\Session\Handlers\FileHandler' driver.
INFO - 2025-01-17 23:57:55 --> Session: Class initialized using 'CodeIgniter\Session\Handlers\FileHandler' driver.
INFO - 2025-01-17 23:58:02 --> Session: Class initialized using 'CodeIgniter\Session\Handlers\FileHandler' driver.
INFO - 2025-01-17 23:58:03 --> Session: Class initialized using 'CodeIgniter\Session\Handlers\FileHandler' driver.
INFO - 2025-01-17 23:58:07 --> Session: Class initialized using 'CodeIgniter\Session\Handlers\FileHandler' driver.
INFO - 2025-01-17 23:58:07 --> Session: Class initialized using 'CodeIgniter\Session\Handlers\FileHandler' driver.
INFO - 2025-01-17 23:58:09 --> Session: Class initialized using 'CodeIgniter\Session\Handlers\FileHandler' driver.
INFO - 2025-01-17 23:58:10 --> Session: Class initialized using 'CodeIgniter\Session\Handlers\FileHandler' driver.
INFO - 2025-01-17 17:58:14 --> Session: Class initialized using 'CodeIgniter\Session\Handlers\FileHandler' driver.
INFO - 2025-01-17 23:58:14 --> Session: Class initialized using 'CodeIgniter\Session\Handlers\FileHandler' driver.
INFO - 2025-01-17 17:58:55 --> Session: Class initialized using 'CodeIgniter\Session\Handlers\FileHandler' driver.
INFO - 2025-01-17 17:58:58 --> Session: Class initialized using 'CodeIgniter\Session\Handlers\FileHandler' driver.
INFO - 2025-01-17 17:59:02 --> Session: Class initialized using 'CodeIgniter\Session\Handlers\FileHandler' driver.
INFO - 2025-01-17 17:59:04 --> Session: Class initialized using 'CodeIgniter\Session\Handlers\FileHandler' driver.
INFO - 2025-01-17 23:59:04 --> Session: Class initialized using 'CodeIgniter\Session\Handlers\FileHandler' driver.
INFO - 2025-01-17 17:59:09 --> Session: Class initialized using 'CodeIgniter\Session\Handlers\FileHandler' driver.
INFO - 2025-01-17 23:59:09 --> Session: Class initialized using 'CodeIgniter\Session\Handlers\FileHandler' driver.
INFO - 2025-01-17 17:59:23 --> Session: Class initialized using 'CodeIgniter\Session\Handlers\FileHandler' driver.
INFO - 2025-01-17 17:59:33 --> Session: Class initialized using 'CodeIgniter\Session\Handlers\FileHandler' driver.
INFO - 2025-01-17 17:59:47 --> Session: Class initialized using 'CodeIgniter\Session\Handlers\FileHandler' driver.
INFO - 2025-01-17 23:59:51 --> Session: Class initialized using 'CodeIgniter\Session\Handlers\FileHandler' driver.
INFO - 2025-01-17 23:59:52 --> Session: Class initialized using 'CodeIgniter\Session\Handlers\FileHandler' driver.
INFO - 2025-01-17 17:59:56 --> Session: Class initialized using 'CodeIgniter\Session\Handlers\FileHandler' driver.
INFO - 2025-01-17 23:59:56 --> Session: Class initialized using 'CodeIgniter\Session\Handlers\FileHandler' driver.
INFO - 2025-01-17 18:00:02 --> Session: Class initialized using 'CodeIgniter\Session\Handlers\FileHandler' driver.
INFO - 2025-01-17 18:00:10 --> Session: Class initialized using 'CodeIgniter\Session\Handlers\FileHandler' driver.
INFO - 2025-01-17 18:00:31 --> Session: Class initialized using 'CodeIgniter\Session\Handlers\FileHandler' driver.
INFO - 2025-01-17 18:13:11 --> Session: Class initialized using 'CodeIgniter\Session\Handlers\FileHandler' driver.
INFO - 2025-01-17 18:50:40 --> Session: Class initialized using 'CodeIgniter\Session\Handlers\FileHandler' driver.
INFO - 2025-01-17 18:54:34 --> Session: Class initialized using 'CodeIgniter\Session\Handlers\FileHandler' driver.
INFO - 2025-01-17 19:07:23 --> Session: Class initialized using 'CodeIgniter\Session\Handlers\FileHandler' driver.
