CRITICAL - 2024-05-23 21:02:35 --> Class "Locale" not found
in SYSTEMPATH\CodeIgniter.php on line 214.
 1 ROOTPATH\spark(88): CodeIgniter\CodeIgniter->initialize()
CRITICAL - 2024-05-23 21:02:35 --> Uncaught Error: Class "Locale" not found in C:\xampp\htdocs\proyectopanaderia\system\HTTP\IncomingRequest.php:498
Stack trace:
#0 C:\xampp\htdocs\proyectopanaderia\system\HTTP\IncomingRequest.php(227): CodeIgniter\HTTP\IncomingRequest->setLocale('es')
#1 C:\xampp\htdocs\proyectopanaderia\system\HTTP\IncomingRequest.php(184): CodeIgniter\HTTP\IncomingRequest->detectLocale(Object(Config\App))
#2 C:\xampp\htdocs\proyectopanaderia\system\Config\Services.php(567): CodeIgniter\HTTP\IncomingRequest->__construct(Object(Config\App), Object(CodeIgniter\HTTP\SiteURI), '', Object(CodeIgniter\HTTP\UserAgent))
#3 C:\xampp\htdocs\proyectopanaderia\system\Config\Services.php(523): CodeIgniter\Config\Services::incomingrequest(Object(Config\App), false)
#4 C:\xampp\htdocs\proyectopanaderia\system\Config\BaseService.php(258): CodeIgniter\Config\Services::request(NULL, false)
#5 C:\xampp\htdocs\proyectopanaderia\system\Config\BaseService.php(199): CodeIgniter\Config\BaseService::__callStatic('request', Array)
#6 C:\xampp\htdocs\proyectopanaderia\system\Config\Services.php(519): CodeIgniter\Config\BaseService::getSharedInstance('request', NULL)
#7 C:\xampp\htdocs\proyectopanaderia\system\Config\BaseService.php(258): CodeIgniter\Config\Services::request()
#8 C:\xampp\htdocs\proyectopanaderia\system\Debug\Exceptions.php(135): CodeIgniter\Config\BaseService::__callStatic('request', Array)
#9 [internal function]: CodeIgniter\Debug\Exceptions->exceptionHandler(Object(Error))
#10 {main}
  thrown
【Previous Exception】
Error
Class "Locale" not found
#0 C:\xampp\htdocs\proyectopanaderia\spark(88): CodeIgniter\CodeIgniter->initialize()
#1 {main}
in SYSTEMPATH\HTTP\IncomingRequest.php on line 498.
 1 [internal function]: CodeIgniter\Debug\Exceptions->shutdownHandler()
CRITICAL - 2024-05-23 21:14:03 --> Class "Locale" not found
in SYSTEMPATH\CodeIgniter.php on line 214.
 1 ROOTPATH\spark(88): CodeIgniter\CodeIgniter->initialize()
CRITICAL - 2024-05-23 21:14:03 --> Uncaught Error: Class "Locale" not found in C:\xampp\htdocs\proyectopanaderia\system\HTTP\IncomingRequest.php:498
Stack trace:
#0 C:\xampp\htdocs\proyectopanaderia\system\HTTP\IncomingRequest.php(227): CodeIgniter\HTTP\IncomingRequest->setLocale('es')
#1 C:\xampp\htdocs\proyectopanaderia\system\HTTP\IncomingRequest.php(184): CodeIgniter\HTTP\IncomingRequest->detectLocale(Object(Config\App))
#2 C:\xampp\htdocs\proyectopanaderia\system\Config\Services.php(567): CodeIgniter\HTTP\IncomingRequest->__construct(Object(Config\App), Object(CodeIgniter\HTTP\SiteURI), '', Object(CodeIgniter\HTTP\UserAgent))
#3 C:\xampp\htdocs\proyectopanaderia\system\Config\Services.php(523): CodeIgniter\Config\Services::incomingrequest(Object(Config\App), false)
#4 C:\xampp\htdocs\proyectopanaderia\system\Config\BaseService.php(258): CodeIgniter\Config\Services::request(NULL, false)
#5 C:\xampp\htdocs\proyectopanaderia\system\Config\BaseService.php(199): CodeIgniter\Config\BaseService::__callStatic('request', Array)
#6 C:\xampp\htdocs\proyectopanaderia\system\Config\Services.php(519): CodeIgniter\Config\BaseService::getSharedInstance('request', NULL)
#7 C:\xampp\htdocs\proyectopanaderia\system\Config\BaseService.php(258): CodeIgniter\Config\Services::request()
#8 C:\xampp\htdocs\proyectopanaderia\system\Debug\Exceptions.php(135): CodeIgniter\Config\BaseService::__callStatic('request', Array)
#9 [internal function]: CodeIgniter\Debug\Exceptions->exceptionHandler(Object(Error))
#10 {main}
  thrown
【Previous Exception】
Error
Class "Locale" not found
#0 C:\xampp\htdocs\proyectopanaderia\spark(88): CodeIgniter\CodeIgniter->initialize()
#1 {main}
in SYSTEMPATH\HTTP\IncomingRequest.php on line 498.
 1 [internal function]: CodeIgniter\Debug\Exceptions->shutdownHandler()
CRITICAL - 2024-05-23 21:16:46 --> Class "Locale" not found
in SYSTEMPATH\CodeIgniter.php on line 214.
 1 ROOTPATH\spark(88): CodeIgniter\CodeIgniter->initialize()
CRITICAL - 2024-05-23 21:16:46 --> Uncaught Error: Class "Locale" not found in C:\xampp\htdocs\proyectopanaderia\system\HTTP\IncomingRequest.php:498
Stack trace:
#0 C:\xampp\htdocs\proyectopanaderia\system\HTTP\IncomingRequest.php(227): CodeIgniter\HTTP\IncomingRequest->setLocale('es')
#1 C:\xampp\htdocs\proyectopanaderia\system\HTTP\IncomingRequest.php(184): CodeIgniter\HTTP\IncomingRequest->detectLocale(Object(Config\App))
#2 C:\xampp\htdocs\proyectopanaderia\system\Config\Services.php(567): CodeIgniter\HTTP\IncomingRequest->__construct(Object(Config\App), Object(CodeIgniter\HTTP\SiteURI), '', Object(CodeIgniter\HTTP\UserAgent))
#3 C:\xampp\htdocs\proyectopanaderia\system\Config\Services.php(523): CodeIgniter\Config\Services::incomingrequest(Object(Config\App), false)
#4 C:\xampp\htdocs\proyectopanaderia\system\Config\BaseService.php(258): CodeIgniter\Config\Services::request(NULL, false)
#5 C:\xampp\htdocs\proyectopanaderia\system\Config\BaseService.php(199): CodeIgniter\Config\BaseService::__callStatic('request', Array)
#6 C:\xampp\htdocs\proyectopanaderia\system\Config\Services.php(519): CodeIgniter\Config\BaseService::getSharedInstance('request', NULL)
#7 C:\xampp\htdocs\proyectopanaderia\system\Config\BaseService.php(258): CodeIgniter\Config\Services::request()
#8 C:\xampp\htdocs\proyectopanaderia\system\Debug\Exceptions.php(135): CodeIgniter\Config\BaseService::__callStatic('request', Array)
#9 [internal function]: CodeIgniter\Debug\Exceptions->exceptionHandler(Object(Error))
#10 {main}
  thrown
【Previous Exception】
Error
Class "Locale" not found
#0 C:\xampp\htdocs\proyectopanaderia\spark(88): CodeIgniter\CodeIgniter->initialize()
#1 {main}
in SYSTEMPATH\HTTP\IncomingRequest.php on line 498.
 1 [internal function]: CodeIgniter\Debug\Exceptions->shutdownHandler()
INFO - 2024-05-23 19:48:22 --> Session: Class initialized using 'CodeIgniter\Session\Handlers\FileHandler' driver.
INFO - 2024-05-23 19:48:25 --> Session: Class initialized using 'CodeIgniter\Session\Handlers\FileHandler' driver.
INFO - 2024-05-23 19:48:44 --> Session: Class initialized using 'CodeIgniter\Session\Handlers\FileHandler' driver.
INFO - 2024-05-23 19:48:44 --> Session: Class initialized using 'CodeIgniter\Session\Handlers\FileHandler' driver.
INFO - 2024-05-23 19:48:45 --> Session: Class initialized using 'CodeIgniter\Session\Handlers\FileHandler' driver.
INFO - 2024-05-23 19:48:53 --> Session: Class initialized using 'CodeIgniter\Session\Handlers\FileHandler' driver.
INFO - 2024-05-23 19:48:53 --> Session: Class initialized using 'CodeIgniter\Session\Handlers\FileHandler' driver.
INFO - 2024-05-23 19:48:54 --> Session: Class initialized using 'CodeIgniter\Session\Handlers\FileHandler' driver.
INFO - 2024-05-23 19:49:05 --> Session: Class initialized using 'CodeIgniter\Session\Handlers\FileHandler' driver.
INFO - 2024-05-23 19:49:06 --> Session: Class initialized using 'CodeIgniter\Session\Handlers\FileHandler' driver.
INFO - 2024-05-23 19:49:06 --> Session: Class initialized using 'CodeIgniter\Session\Handlers\FileHandler' driver.
INFO - 2024-05-23 19:49:15 --> Session: Class initialized using 'CodeIgniter\Session\Handlers\FileHandler' driver.
INFO - 2024-05-23 19:49:16 --> Session: Class initialized using 'CodeIgniter\Session\Handlers\FileHandler' driver.
INFO - 2024-05-23 20:03:33 --> Session: Class initialized using 'CodeIgniter\Session\Handlers\FileHandler' driver.
INFO - 2024-05-23 20:03:34 --> Session: Class initialized using 'CodeIgniter\Session\Handlers\FileHandler' driver.
INFO - 2024-05-23 20:04:44 --> Session: Class initialized using 'CodeIgniter\Session\Handlers\FileHandler' driver.
INFO - 2024-05-23 20:04:45 --> Session: Class initialized using 'CodeIgniter\Session\Handlers\FileHandler' driver.
INFO - 2024-05-23 20:13:26 --> Session: Class initialized using 'CodeIgniter\Session\Handlers\FileHandler' driver.
INFO - 2024-05-23 20:13:26 --> Session: Class initialized using 'CodeIgniter\Session\Handlers\FileHandler' driver.
INFO - 2024-05-23 21:48:12 --> Session: Class initialized using 'CodeIgniter\Session\Handlers\FileHandler' driver.
INFO - 2024-05-23 21:48:12 --> Session: Class initialized using 'CodeIgniter\Session\Handlers\FileHandler' driver.
INFO - 2024-05-23 21:54:11 --> Session: Class initialized using 'CodeIgniter\Session\Handlers\FileHandler' driver.
INFO - 2024-05-23 21:54:12 --> Session: Class initialized using 'CodeIgniter\Session\Handlers\FileHandler' driver.
INFO - 2024-05-23 21:55:36 --> Session: Class initialized using 'CodeIgniter\Session\Handlers\FileHandler' driver.
INFO - 2024-05-23 21:55:36 --> Session: Class initialized using 'CodeIgniter\Session\Handlers\FileHandler' driver.
INFO - 2024-05-23 21:55:47 --> Session: Class initialized using 'CodeIgniter\Session\Handlers\FileHandler' driver.
INFO - 2024-05-23 21:55:47 --> Session: Class initialized using 'CodeIgniter\Session\Handlers\FileHandler' driver.
INFO - 2024-05-23 21:56:18 --> Session: Class initialized using 'CodeIgniter\Session\Handlers\FileHandler' driver.
INFO - 2024-05-23 21:56:18 --> Session: Class initialized using 'CodeIgniter\Session\Handlers\FileHandler' driver.
INFO - 2024-05-23 21:56:48 --> Session: Class initialized using 'CodeIgniter\Session\Handlers\FileHandler' driver.
INFO - 2024-05-23 21:56:48 --> Session: Class initialized using 'CodeIgniter\Session\Handlers\FileHandler' driver.
INFO - 2024-05-23 21:57:54 --> Session: Class initialized using 'CodeIgniter\Session\Handlers\FileHandler' driver.
INFO - 2024-05-23 21:57:54 --> Session: Class initialized using 'CodeIgniter\Session\Handlers\FileHandler' driver.
INFO - 2024-05-23 22:00:32 --> Session: Class initialized using 'CodeIgniter\Session\Handlers\FileHandler' driver.
INFO - 2024-05-23 22:00:32 --> Session: Class initialized using 'CodeIgniter\Session\Handlers\FileHandler' driver.
INFO - 2024-05-23 22:00:40 --> Session: Class initialized using 'CodeIgniter\Session\Handlers\FileHandler' driver.
INFO - 2024-05-23 22:00:41 --> Session: Class initialized using 'CodeIgniter\Session\Handlers\FileHandler' driver.
INFO - 2024-05-23 22:00:51 --> Session: Class initialized using 'CodeIgniter\Session\Handlers\FileHandler' driver.
INFO - 2024-05-23 22:00:51 --> Session: Class initialized using 'CodeIgniter\Session\Handlers\FileHandler' driver.
INFO - 2024-05-23 22:01:49 --> Session: Class initialized using 'CodeIgniter\Session\Handlers\FileHandler' driver.
INFO - 2024-05-23 22:01:49 --> Session: Class initialized using 'CodeIgniter\Session\Handlers\FileHandler' driver.
INFO - 2024-05-23 22:02:06 --> Session: Class initialized using 'CodeIgniter\Session\Handlers\FileHandler' driver.
INFO - 2024-05-23 22:02:06 --> Session: Class initialized using 'CodeIgniter\Session\Handlers\FileHandler' driver.
INFO - 2024-05-23 22:02:09 --> Session: Class initialized using 'CodeIgniter\Session\Handlers\FileHandler' driver.
INFO - 2024-05-23 22:02:09 --> Session: Class initialized using 'CodeIgniter\Session\Handlers\FileHandler' driver.
INFO - 2024-05-23 22:02:16 --> Session: Class initialized using 'CodeIgniter\Session\Handlers\FileHandler' driver.
INFO - 2024-05-23 22:02:17 --> Session: Class initialized using 'CodeIgniter\Session\Handlers\FileHandler' driver.
