CRITICAL - 2026-03-07 09:06:30 --> count(): Argument #1 ($value) must be of type Countable|array, bool given
in APPPATH\Controllers\Home.php on line 512.
 1 APPPATH\Controllers\Home.php(512): count(false)
 2 SYSTEMPATH\CodeIgniter.php(915): App\Controllers\Home->Registro_de_produccion_de_hoy()
 3 SYSTEMPATH\CodeIgniter.php(492): CodeIgniter\CodeIgniter->runController(Object(App\Controllers\Home))
 4 SYSTEMPATH\CodeIgniter.php(353): CodeIgniter\CodeIgniter->handleRequest(null, Object(Config\Cache), false)
 5 FCPATH\index.php(79): CodeIgniter\CodeIgniter->run()
 6 SYSTEMPATH\Commands\Server\rewrite.php(47): require_once('C:\\xampp\\htdocs\\proyectopanaderia-server\\public\\index.php')
CRITICAL - 2026-03-07 09:06:51 --> count(): Argument #1 ($value) must be of type Countable|array, bool given
in APPPATH\Controllers\Home.php on line 512.
 1 APPPATH\Controllers\Home.php(512): count(false)
 2 SYSTEMPATH\CodeIgniter.php(915): App\Controllers\Home->Registro_de_produccion_de_hoy()
 3 SYSTEMPATH\CodeIgniter.php(492): CodeIgniter\CodeIgniter->runController(Object(App\Controllers\Home))
 4 SYSTEMPATH\CodeIgniter.php(353): CodeIgniter\CodeIgniter->handleRequest(null, Object(Config\Cache), false)
 5 FCPATH\index.php(79): CodeIgniter\CodeIgniter->run()
 6 SYSTEMPATH\Commands\Server\rewrite.php(47): require_once('C:\\xampp\\htdocs\\proyectopanaderia-server\\public\\index.php')
CRITICAL - 2026-03-07 09:07:16 --> count(): Argument #1 ($value) must be of type Countable|array, bool given
in APPPATH\Controllers\Home.php on line 512.
 1 APPPATH\Controllers\Home.php(512): count(false)
 2 SYSTEMPATH\CodeIgniter.php(915): App\Controllers\Home->Registro_de_produccion_de_hoy()
 3 SYSTEMPATH\CodeIgniter.php(492): CodeIgniter\CodeIgniter->runController(Object(App\Controllers\Home))
 4 SYSTEMPATH\CodeIgniter.php(353): CodeIgniter\CodeIgniter->handleRequest(null, Object(Config\Cache), false)
 5 FCPATH\index.php(79): CodeIgniter\CodeIgniter->run()
 6 SYSTEMPATH\Commands\Server\rewrite.php(47): require_once('C:\\xampp\\htdocs\\proyectopanaderia-server\\public\\index.php')
CRITICAL - 2026-03-07 09:07:33 --> count(): Argument #1 ($value) must be of type Countable|array, bool given
in APPPATH\Controllers\Home.php on line 512.
 1 APPPATH\Controllers\Home.php(512): count(false)
 2 SYSTEMPATH\CodeIgniter.php(915): App\Controllers\Home->Registro_de_produccion_de_hoy()
 3 SYSTEMPATH\CodeIgniter.php(492): CodeIgniter\CodeIgniter->runController(Object(App\Controllers\Home))
 4 SYSTEMPATH\CodeIgniter.php(353): CodeIgniter\CodeIgniter->handleRequest(null, Object(Config\Cache), false)
 5 FCPATH\index.php(79): CodeIgniter\CodeIgniter->run()
 6 SYSTEMPATH\Commands\Server\rewrite.php(47): require_once('C:\\xampp\\htdocs\\proyectopanaderia-server\\public\\index.php')
CRITICAL - 2026-03-07 09:07:35 --> count(): Argument #1 ($value) must be of type Countable|array, bool given
in APPPATH\Controllers\Home.php on line 512.
 1 APPPATH\Controllers\Home.php(512): count(false)
 2 SYSTEMPATH\CodeIgniter.php(915): App\Controllers\Home->Registro_de_produccion_de_hoy()
 3 SYSTEMPATH\CodeIgniter.php(492): CodeIgniter\CodeIgniter->runController(Object(App\Controllers\Home))
 4 SYSTEMPATH\CodeIgniter.php(353): CodeIgniter\CodeIgniter->handleRequest(null, Object(Config\Cache), false)
 5 FCPATH\index.php(79): CodeIgniter\CodeIgniter->run()
 6 SYSTEMPATH\Commands\Server\rewrite.php(47): require_once('C:\\xampp\\htdocs\\proyectopanaderia-server\\public\\index.php')
CRITICAL - 2026-03-07 09:07:41 --> count(): Argument #1 ($value) must be of type Countable|array, bool given
in APPPATH\Controllers\Home.php on line 512.
 1 APPPATH\Controllers\Home.php(512): count(false)
 2 SYSTEMPATH\CodeIgniter.php(915): App\Controllers\Home->Registro_de_produccion_de_hoy()
 3 SYSTEMPATH\CodeIgniter.php(492): CodeIgniter\CodeIgniter->runController(Object(App\Controllers\Home))
 4 SYSTEMPATH\CodeIgniter.php(353): CodeIgniter\CodeIgniter->handleRequest(null, Object(Config\Cache), false)
 5 FCPATH\index.php(79): CodeIgniter\CodeIgniter->run()
 6 SYSTEMPATH\Commands\Server\rewrite.php(47): require_once('C:\\xampp\\htdocs\\proyectopanaderia-server\\public\\index.php')
CRITICAL - 2026-03-07 15:08:02 --> Call to a member function can() on null
in APPPATH\Config\Auth.php on line 451.
 1 VENDORPATH\codeigniter4\shield\src\Controllers\LoginController.php(103): Config\Auth->logoutRedirect()
 2 SYSTEMPATH\CodeIgniter.php(915): CodeIgniter\Shield\Controllers\LoginController->logoutAction()
 3 SYSTEMPATH\CodeIgniter.php(492): CodeIgniter\CodeIgniter->runController(Object(CodeIgniter\Shield\Controllers\LoginController))
 4 SYSTEMPATH\CodeIgniter.php(353): CodeIgniter\CodeIgniter->handleRequest(null, Object(Config\Cache), false)
 5 FCPATH\index.php(79): CodeIgniter\CodeIgniter->run()
 6 SYSTEMPATH\Commands\Server\rewrite.php(47): require_once('C:\\xampp\\htdocs\\proyectopanaderia-server\\public\\index.php')
CRITICAL - 2026-03-07 15:08:06 --> Call to a member function can() on null
in APPPATH\Config\Auth.php on line 451.
 1 VENDORPATH\codeigniter4\shield\src\Controllers\LoginController.php(103): Config\Auth->logoutRedirect()
 2 SYSTEMPATH\CodeIgniter.php(915): CodeIgniter\Shield\Controllers\LoginController->logoutAction()
 3 SYSTEMPATH\CodeIgniter.php(492): CodeIgniter\CodeIgniter->runController(Object(CodeIgniter\Shield\Controllers\LoginController))
 4 SYSTEMPATH\CodeIgniter.php(353): CodeIgniter\CodeIgniter->handleRequest(null, Object(Config\Cache), false)
 5 FCPATH\index.php(79): CodeIgniter\CodeIgniter->run()
 6 SYSTEMPATH\Commands\Server\rewrite.php(47): require_once('C:\\xampp\\htdocs\\proyectopanaderia-server\\public\\index.php')
CRITICAL - 2026-03-07 15:08:07 --> Call to a member function can() on null
in APPPATH\Config\Auth.php on line 451.
 1 VENDORPATH\codeigniter4\shield\src\Controllers\LoginController.php(103): Config\Auth->logoutRedirect()
 2 SYSTEMPATH\CodeIgniter.php(915): CodeIgniter\Shield\Controllers\LoginController->logoutAction()
 3 SYSTEMPATH\CodeIgniter.php(492): CodeIgniter\CodeIgniter->runController(Object(CodeIgniter\Shield\Controllers\LoginController))
 4 SYSTEMPATH\CodeIgniter.php(353): CodeIgniter\CodeIgniter->handleRequest(null, Object(Config\Cache), false)
 5 FCPATH\index.php(79): CodeIgniter\CodeIgniter->run()
 6 SYSTEMPATH\Commands\Server\rewrite.php(47): require_once('C:\\xampp\\htdocs\\proyectopanaderia-server\\public\\index.php')
CRITICAL - 2026-03-07 15:08:10 --> Call to a member function can() on null
in APPPATH\Config\Auth.php on line 451.
 1 VENDORPATH\codeigniter4\shield\src\Controllers\LoginController.php(103): Config\Auth->logoutRedirect()
 2 SYSTEMPATH\CodeIgniter.php(915): CodeIgniter\Shield\Controllers\LoginController->logoutAction()
 3 SYSTEMPATH\CodeIgniter.php(492): CodeIgniter\CodeIgniter->runController(Object(CodeIgniter\Shield\Controllers\LoginController))
 4 SYSTEMPATH\CodeIgniter.php(353): CodeIgniter\CodeIgniter->handleRequest(null, Object(Config\Cache), false)
 5 FCPATH\index.php(79): CodeIgniter\CodeIgniter->run()
 6 SYSTEMPATH\Commands\Server\rewrite.php(47): require_once('C:\\xampp\\htdocs\\proyectopanaderia-server\\public\\index.php')
CRITICAL - 2026-03-07 15:08:10 --> Call to a member function can() on null
in APPPATH\Config\Auth.php on line 451.
 1 VENDORPATH\codeigniter4\shield\src\Controllers\LoginController.php(103): Config\Auth->logoutRedirect()
 2 SYSTEMPATH\CodeIgniter.php(915): CodeIgniter\Shield\Controllers\LoginController->logoutAction()
 3 SYSTEMPATH\CodeIgniter.php(492): CodeIgniter\CodeIgniter->runController(Object(CodeIgniter\Shield\Controllers\LoginController))
 4 SYSTEMPATH\CodeIgniter.php(353): CodeIgniter\CodeIgniter->handleRequest(null, Object(Config\Cache), false)
 5 FCPATH\index.php(79): CodeIgniter\CodeIgniter->run()
 6 SYSTEMPATH\Commands\Server\rewrite.php(47): require_once('C:\\xampp\\htdocs\\proyectopanaderia-server\\public\\index.php')
ERROR - 2026-03-07 19:24:55 --> mysqli_sql_exception: You have an error in your SQL syntax; check the manual that corresponds to your MariaDB server version for the right syntax to use near '.`12`' at line 1 in C:\xampp\htdocs\proyectopanaderia-server\system\Database\MySQLi\Connection.php:306
Stack trace:
#0 C:\xampp\htdocs\proyectopanaderia-server\system\Database\MySQLi\Connection.php(306): mysqli->query('SHOW TABLES FRO...', 0)
#1 C:\xampp\htdocs\proyectopanaderia-server\system\Database\BaseConnection.php(692): CodeIgniter\Database\MySQLi\Connection->execute('SHOW TABLES FRO...')
#2 C:\xampp\htdocs\proyectopanaderia-server\system\Database\BaseConnection.php(606): CodeIgniter\Database\BaseConnection->simpleQuery('SHOW TABLES FRO...')
#3 C:\xampp\htdocs\proyectopanaderia-server\system\Database\BaseConnection.php(1409): CodeIgniter\Database\BaseConnection->query('SHOW TABLES FRO...')
#4 C:\xampp\htdocs\proyectopanaderia-server\system\Database\BaseConnection.php(1428): CodeIgniter\Database\BaseConnection->listTables()
#5 C:\xampp\htdocs\proyectopanaderia-server\system\Database\MigrationRunner.php(768): CodeIgniter\Database\BaseConnection->tableExists('migrations')
#6 C:\xampp\htdocs\proyectopanaderia-server\system\Database\MigrationRunner.php(168): CodeIgniter\Database\MigrationRunner->ensureTable()
#7 C:\xampp\htdocs\proyectopanaderia-server\system\Commands\Database\Migrate.php(84): CodeIgniter\Database\MigrationRunner->latest(NULL)
#8 C:\xampp\htdocs\proyectopanaderia-server\system\CLI\Commands.php(65): CodeIgniter\Commands\Database\Migrate->run(Array)
#9 C:\xampp\htdocs\proyectopanaderia-server\system\CLI\Console.php(37): CodeIgniter\CLI\Commands->run('migrate', Array)
#10 C:\xampp\htdocs\proyectopanaderia-server\spark(102): CodeIgniter\CLI\Console->run()
#11 {main}
ERROR - 2026-03-07 19:30:29 --> mysqli_sql_exception: You have an error in your SQL syntax; check the manual that corresponds to your MariaDB server version for the right syntax to use near '.`12`' at line 1 in C:\xampp\htdocs\proyectopanaderia-server\system\Database\MySQLi\Connection.php:306
Stack trace:
#0 C:\xampp\htdocs\proyectopanaderia-server\system\Database\MySQLi\Connection.php(306): mysqli->query('SHOW TABLES FRO...', 0)
#1 C:\xampp\htdocs\proyectopanaderia-server\system\Database\BaseConnection.php(692): CodeIgniter\Database\MySQLi\Connection->execute('SHOW TABLES FRO...')
#2 C:\xampp\htdocs\proyectopanaderia-server\system\Database\BaseConnection.php(606): CodeIgniter\Database\BaseConnection->simpleQuery('SHOW TABLES FRO...')
#3 C:\xampp\htdocs\proyectopanaderia-server\system\Database\BaseConnection.php(1409): CodeIgniter\Database\BaseConnection->query('SHOW TABLES FRO...')
#4 C:\xampp\htdocs\proyectopanaderia-server\system\Database\BaseConnection.php(1428): CodeIgniter\Database\BaseConnection->listTables()
#5 C:\xampp\htdocs\proyectopanaderia-server\system\Database\MigrationRunner.php(768): CodeIgniter\Database\BaseConnection->tableExists('migrations')
#6 C:\xampp\htdocs\proyectopanaderia-server\system\Database\MigrationRunner.php(168): CodeIgniter\Database\MigrationRunner->ensureTable()
#7 C:\xampp\htdocs\proyectopanaderia-server\system\Commands\Database\Migrate.php(84): CodeIgniter\Database\MigrationRunner->latest(NULL)
#8 C:\xampp\htdocs\proyectopanaderia-server\system\CLI\Commands.php(65): CodeIgniter\Commands\Database\Migrate->run(Array)
#9 C:\xampp\htdocs\proyectopanaderia-server\system\CLI\Console.php(37): CodeIgniter\CLI\Commands->run('migrate', Array)
#10 C:\xampp\htdocs\proyectopanaderia-server\spark(102): CodeIgniter\CLI\Console->run()
#11 {main}
ERROR - 2026-03-07 19:31:06 --> mysqli_sql_exception: You have an error in your SQL syntax; check the manual that corresponds to your MariaDB server version for the right syntax to use near '.`12`' at line 1 in C:\xampp\htdocs\proyectopanaderia-server\system\Database\MySQLi\Connection.php:306
Stack trace:
#0 C:\xampp\htdocs\proyectopanaderia-server\system\Database\MySQLi\Connection.php(306): mysqli->query('SHOW TABLES FRO...', 0)
#1 C:\xampp\htdocs\proyectopanaderia-server\system\Database\BaseConnection.php(692): CodeIgniter\Database\MySQLi\Connection->execute('SHOW TABLES FRO...')
#2 C:\xampp\htdocs\proyectopanaderia-server\system\Database\BaseConnection.php(606): CodeIgniter\Database\BaseConnection->simpleQuery('SHOW TABLES FRO...')
#3 C:\xampp\htdocs\proyectopanaderia-server\system\Database\BaseConnection.php(1409): CodeIgniter\Database\BaseConnection->query('SHOW TABLES FRO...')
#4 C:\xampp\htdocs\proyectopanaderia-server\system\Database\BaseConnection.php(1428): CodeIgniter\Database\BaseConnection->listTables()
#5 C:\xampp\htdocs\proyectopanaderia-server\system\Database\MigrationRunner.php(768): CodeIgniter\Database\BaseConnection->tableExists('migrations')
#6 C:\xampp\htdocs\proyectopanaderia-server\system\Database\MigrationRunner.php(168): CodeIgniter\Database\MigrationRunner->ensureTable()
#7 C:\xampp\htdocs\proyectopanaderia-server\system\Commands\Database\Migrate.php(84): CodeIgniter\Database\MigrationRunner->latest(NULL)
#8 C:\xampp\htdocs\proyectopanaderia-server\system\CLI\Commands.php(65): CodeIgniter\Commands\Database\Migrate->run(Array)
#9 C:\xampp\htdocs\proyectopanaderia-server\system\CLI\Console.php(37): CodeIgniter\CLI\Commands->run('migrate', Array)
#10 C:\xampp\htdocs\proyectopanaderia-server\spark(102): CodeIgniter\CLI\Console->run()
#11 {main}
