ERROR - 2025-12-01 20:32:49 --> Error connecting to the database: mysqli_sql_exception: Unknown database 'basepanav3.1' in C:\xampp\htdocs\proyectopanaderia-server\system\Database\MySQLi\Connection.php:184
Stack trace:
#0 C:\xampp\htdocs\proyectopanaderia-server\system\Database\MySQLi\Connection.php(184): mysqli->real_connect('localhost', 'root', Object(SensitiveParameterValue), 'basepanav3.1', 3306, '', 0)
#1 C:\xampp\htdocs\proyectopanaderia-server\system\Database\BaseConnection.php(391): CodeIgniter\Database\MySQLi\Connection->connect(false)
#2 C:\xampp\htdocs\proyectopanaderia-server\system\Database\BaseConnection.php(574): CodeIgniter\Database\BaseConnection->initialize()
#3 C:\xampp\htdocs\proyectopanaderia-server\system\Database\BaseBuilder.php(1616): CodeIgniter\Database\BaseConnection->query('SELECT *\nFROM `...', Array, false)
#4 C:\xampp\htdocs\proyectopanaderia-server\vendor\codeigniter4\settings\src\Handlers\DatabaseHandler.php(186): CodeIgniter\Database\BaseBuilder->get()
#5 C:\xampp\htdocs\proyectopanaderia-server\vendor\codeigniter4\settings\src\Handlers\DatabaseHandler.php(51): CodeIgniter\Settings\Handlers\DatabaseHandler->hydrate(NULL)
#6 C:\xampp\htdocs\proyectopanaderia-server\vendor\codeigniter4\settings\src\Settings.php(59): CodeIgniter\Settings\Handlers\DatabaseHandler->has('Config\\Auth', 'sessionConfig', NULL)
#7 C:\xampp\htdocs\proyectopanaderia-server\vendor\codeigniter4\settings\src\Helpers\setting_helper.php(25): CodeIgniter\Settings\Settings->get('Auth.sessionCon...')
#8 C:\xampp\htdocs\proyectopanaderia-server\vendor\codeigniter4\shield\src\Authentication\Authenticators\Session.php(685): setting('Auth.sessionCon...')
#9 C:\xampp\htdocs\proyectopanaderia-server\vendor\codeigniter4\shield\src\Authentication\Authenticators\Session.php(703): CodeIgniter\Shield\Authentication\Authenticators\Session->getSessionUserInfo()
#10 C:\xampp\htdocs\proyectopanaderia-server\vendor\codeigniter4\shield\src\Authentication\Authenticators\Session.php(390): CodeIgniter\Shield\Authentication\Authenticators\Session->getSessionUserKey('id')
#11 C:\xampp\htdocs\proyectopanaderia-server\vendor\codeigniter4\shield\src\Authentication\Authenticators\Session.php(374): CodeIgniter\Shield\Authentication\Authenticators\Session->checkUserState()
#12 C:\xampp\htdocs\proyectopanaderia-server\vendor\codeigniter4\shield\src\Auth.php(103): CodeIgniter\Shield\Authentication\Authenticators\Session->loggedIn()
#13 C:\xampp\htdocs\proyectopanaderia-server\vendor\codeigniter4\shield\src\Auth.php(115): CodeIgniter\Shield\Auth->user()
#14 C:\xampp\htdocs\proyectopanaderia-server\app\Controllers\Home.php(1141): CodeIgniter\Shield\Auth->id()
#15 C:\xampp\htdocs\proyectopanaderia-server\app\Controllers\Home.php(36): App\Controllers\Home->ObtenerId_User()
#16 C:\xampp\htdocs\proyectopanaderia-server\system\CodeIgniter.php(915): App\Controllers\Home->index()
#17 C:\xampp\htdocs\proyectopanaderia-server\system\CodeIgniter.php(492): CodeIgniter\CodeIgniter->runController(Object(App\Controllers\Home))
#18 C:\xampp\htdocs\proyectopanaderia-server\system\CodeIgniter.php(353): CodeIgniter\CodeIgniter->handleRequest(NULL, Object(Config\Cache), false)
#19 C:\xampp\htdocs\proyectopanaderia-server\public\index.php(79): CodeIgniter\CodeIgniter->run()
#20 C:\xampp\htdocs\proyectopanaderia-server\system\Commands\Server\rewrite.php(47): require_once('C:\\xampp\\htdocs...')
#21 {main}

Next CodeIgniter\Database\Exceptions\DatabaseException: Unknown database 'basepanav3.1' in C:\xampp\htdocs\proyectopanaderia-server\system\Database\MySQLi\Connection.php:229
Stack trace:
#0 C:\xampp\htdocs\proyectopanaderia-server\system\Database\BaseConnection.php(391): CodeIgniter\Database\MySQLi\Connection->connect(false)
#1 C:\xampp\htdocs\proyectopanaderia-server\system\Database\BaseConnection.php(574): CodeIgniter\Database\BaseConnection->initialize()
#2 C:\xampp\htdocs\proyectopanaderia-server\system\Database\BaseBuilder.php(1616): CodeIgniter\Database\BaseConnection->query('SELECT *\nFROM `...', Array, false)
#3 C:\xampp\htdocs\proyectopanaderia-server\vendor\codeigniter4\settings\src\Handlers\DatabaseHandler.php(186): CodeIgniter\Database\BaseBuilder->get()
#4 C:\xampp\htdocs\proyectopanaderia-server\vendor\codeigniter4\settings\src\Handlers\DatabaseHandler.php(51): CodeIgniter\Settings\Handlers\DatabaseHandler->hydrate(NULL)
#5 C:\xampp\htdocs\proyectopanaderia-server\vendor\codeigniter4\settings\src\Settings.php(59): CodeIgniter\Settings\Handlers\DatabaseHandler->has('Config\\Auth', 'sessionConfig', NULL)
#6 C:\xampp\htdocs\proyectopanaderia-server\vendor\codeigniter4\settings\src\Helpers\setting_helper.php(25): CodeIgniter\Settings\Settings->get('Auth.sessionCon...')
#7 C:\xampp\htdocs\proyectopanaderia-server\vendor\codeigniter4\shield\src\Authentication\Authenticators\Session.php(685): setting('Auth.sessionCon...')
#8 C:\xampp\htdocs\proyectopanaderia-server\vendor\codeigniter4\shield\src\Authentication\Authenticators\Session.php(703): CodeIgniter\Shield\Authentication\Authenticators\Session->getSessionUserInfo()
#9 C:\xampp\htdocs\proyectopanaderia-server\vendor\codeigniter4\shield\src\Authentication\Authenticators\Session.php(390): CodeIgniter\Shield\Authentication\Authenticators\Session->getSessionUserKey('id')
#10 C:\xampp\htdocs\proyectopanaderia-server\vendor\codeigniter4\shield\src\Authentication\Authenticators\Session.php(374): CodeIgniter\Shield\Authentication\Authenticators\Session->checkUserState()
#11 C:\xampp\htdocs\proyectopanaderia-server\vendor\codeigniter4\shield\src\Auth.php(103): CodeIgniter\Shield\Authentication\Authenticators\Session->loggedIn()
#12 C:\xampp\htdocs\proyectopanaderia-server\vendor\codeigniter4\shield\src\Auth.php(115): CodeIgniter\Shield\Auth->user()
#13 C:\xampp\htdocs\proyectopanaderia-server\app\Controllers\Home.php(1141): CodeIgniter\Shield\Auth->id()
#14 C:\xampp\htdocs\proyectopanaderia-server\app\Controllers\Home.php(36): App\Controllers\Home->ObtenerId_User()
#15 C:\xampp\htdocs\proyectopanaderia-server\system\CodeIgniter.php(915): App\Controllers\Home->index()
#16 C:\xampp\htdocs\proyectopanaderia-server\system\CodeIgniter.php(492): CodeIgniter\CodeIgniter->runController(Object(App\Controllers\Home))
#17 C:\xampp\htdocs\proyectopanaderia-server\system\CodeIgniter.php(353): CodeIgniter\CodeIgniter->handleRequest(NULL, Object(Config\Cache), false)
#18 C:\xampp\htdocs\proyectopanaderia-server\public\index.php(79): CodeIgniter\CodeIgniter->run()
#19 C:\xampp\htdocs\proyectopanaderia-server\system\Commands\Server\rewrite.php(47): require_once('C:\\xampp\\htdocs...')
#20 {main}
CRITICAL - 2025-12-01 20:32:49 --> Unable to connect to the database.
Main connection [MySQLi]: Unknown database 'basepanav3.1'
in SYSTEMPATH\Database\BaseConnection.php on line 427.
 1 SYSTEMPATH\Database\BaseConnection.php(574): CodeIgniter\Database\BaseConnection->initialize()
 2 SYSTEMPATH\Database\BaseBuilder.php(1616): CodeIgniter\Database\BaseConnection->query('SELECT *
FROM `settings`
WHERE `context` IS NULL', [], false)
 3 VENDORPATH\codeigniter4\settings\src\Handlers\DatabaseHandler.php(186): CodeIgniter\Database\BaseBuilder->get()
 4 VENDORPATH\codeigniter4\settings\src\Handlers\DatabaseHandler.php(51): CodeIgniter\Settings\Handlers\DatabaseHandler->hydrate(null)
 5 VENDORPATH\codeigniter4\settings\src\Settings.php(59): CodeIgniter\Settings\Handlers\DatabaseHandler->has('Config\\Auth', 'sessionConfig', null)
 6 VENDORPATH\codeigniter4\settings\src\Helpers\setting_helper.php(25): CodeIgniter\Settings\Settings->get('Auth.sessionConfig')
 7 VENDORPATH\codeigniter4\shield\src\Authentication\Authenticators\Session.php(685): setting('Auth.sessionConfig')
 8 VENDORPATH\codeigniter4\shield\src\Authentication\Authenticators\Session.php(703): CodeIgniter\Shield\Authentication\Authenticators\Session->getSessionUserInfo()
 9 VENDORPATH\codeigniter4\shield\src\Authentication\Authenticators\Session.php(390): CodeIgniter\Shield\Authentication\Authenticators\Session->getSessionUserKey('id')
10 VENDORPATH\codeigniter4\shield\src\Authentication\Authenticators\Session.php(374): CodeIgniter\Shield\Authentication\Authenticators\Session->checkUserState()
11 VENDORPATH\codeigniter4\shield\src\Auth.php(103): CodeIgniter\Shield\Authentication\Authenticators\Session->loggedIn()
12 VENDORPATH\codeigniter4\shield\src\Auth.php(115): CodeIgniter\Shield\Auth->user()
13 APPPATH\Controllers\Home.php(1141): CodeIgniter\Shield\Auth->id()
14 APPPATH\Controllers\Home.php(36): App\Controllers\Home->ObtenerId_User()
15 SYSTEMPATH\CodeIgniter.php(915): App\Controllers\Home->index()
16 SYSTEMPATH\CodeIgniter.php(492): CodeIgniter\CodeIgniter->runController(Object(App\Controllers\Home))
17 SYSTEMPATH\CodeIgniter.php(353): CodeIgniter\CodeIgniter->handleRequest(null, Object(Config\Cache), false)
18 FCPATH\index.php(79): CodeIgniter\CodeIgniter->run()
19 SYSTEMPATH\Commands\Server\rewrite.php(47): require_once('C:\\xampp\\htdocs\\proyectopanaderia-server\\public\\index.php')
ERROR - 2025-12-01 20:33:12 --> Error connecting to the database: mysqli_sql_exception: Unknown database 'basepanav3.1' in C:\xampp\htdocs\proyectopanaderia-server\system\Database\MySQLi\Connection.php:184
Stack trace:
#0 C:\xampp\htdocs\proyectopanaderia-server\system\Database\MySQLi\Connection.php(184): mysqli->real_connect('localhost', 'root', Object(SensitiveParameterValue), 'basepanav3.1', 3306, '', 0)
#1 C:\xampp\htdocs\proyectopanaderia-server\system\Database\BaseConnection.php(391): CodeIgniter\Database\MySQLi\Connection->connect(false)
#2 C:\xampp\htdocs\proyectopanaderia-server\system\Database\BaseConnection.php(574): CodeIgniter\Database\BaseConnection->initialize()
#3 C:\xampp\htdocs\proyectopanaderia-server\system\Database\BaseBuilder.php(1616): CodeIgniter\Database\BaseConnection->query('SELECT *\nFROM `...', Array, false)
#4 C:\xampp\htdocs\proyectopanaderia-server\vendor\codeigniter4\settings\src\Handlers\DatabaseHandler.php(186): CodeIgniter\Database\BaseBuilder->get()
#5 C:\xampp\htdocs\proyectopanaderia-server\vendor\codeigniter4\settings\src\Handlers\DatabaseHandler.php(51): CodeIgniter\Settings\Handlers\DatabaseHandler->hydrate(NULL)
#6 C:\xampp\htdocs\proyectopanaderia-server\vendor\codeigniter4\settings\src\Settings.php(59): CodeIgniter\Settings\Handlers\DatabaseHandler->has('Config\\Auth', 'sessionConfig', NULL)
#7 C:\xampp\htdocs\proyectopanaderia-server\vendor\codeigniter4\settings\src\Helpers\setting_helper.php(25): CodeIgniter\Settings\Settings->get('Auth.sessionCon...')
#8 C:\xampp\htdocs\proyectopanaderia-server\vendor\codeigniter4\shield\src\Authentication\Authenticators\Session.php(685): setting('Auth.sessionCon...')
#9 C:\xampp\htdocs\proyectopanaderia-server\vendor\codeigniter4\shield\src\Authentication\Authenticators\Session.php(703): CodeIgniter\Shield\Authentication\Authenticators\Session->getSessionUserInfo()
#10 C:\xampp\htdocs\proyectopanaderia-server\vendor\codeigniter4\shield\src\Authentication\Authenticators\Session.php(390): CodeIgniter\Shield\Authentication\Authenticators\Session->getSessionUserKey('id')
#11 C:\xampp\htdocs\proyectopanaderia-server\vendor\codeigniter4\shield\src\Authentication\Authenticators\Session.php(374): CodeIgniter\Shield\Authentication\Authenticators\Session->checkUserState()
#12 C:\xampp\htdocs\proyectopanaderia-server\vendor\codeigniter4\shield\src\Auth.php(103): CodeIgniter\Shield\Authentication\Authenticators\Session->loggedIn()
#13 C:\xampp\htdocs\proyectopanaderia-server\vendor\codeigniter4\shield\src\Auth.php(115): CodeIgniter\Shield\Auth->user()
#14 C:\xampp\htdocs\proyectopanaderia-server\app\Controllers\Home.php(1141): CodeIgniter\Shield\Auth->id()
#15 C:\xampp\htdocs\proyectopanaderia-server\app\Controllers\Home.php(36): App\Controllers\Home->ObtenerId_User()
#16 C:\xampp\htdocs\proyectopanaderia-server\system\CodeIgniter.php(915): App\Controllers\Home->index()
#17 C:\xampp\htdocs\proyectopanaderia-server\system\CodeIgniter.php(492): CodeIgniter\CodeIgniter->runController(Object(App\Controllers\Home))
#18 C:\xampp\htdocs\proyectopanaderia-server\system\CodeIgniter.php(353): CodeIgniter\CodeIgniter->handleRequest(NULL, Object(Config\Cache), false)
#19 C:\xampp\htdocs\proyectopanaderia-server\public\index.php(79): CodeIgniter\CodeIgniter->run()
#20 C:\xampp\htdocs\proyectopanaderia-server\system\Commands\Server\rewrite.php(47): require_once('C:\\xampp\\htdocs...')
#21 {main}

Next CodeIgniter\Database\Exceptions\DatabaseException: Unknown database 'basepanav3.1' in C:\xampp\htdocs\proyectopanaderia-server\system\Database\MySQLi\Connection.php:229
Stack trace:
#0 C:\xampp\htdocs\proyectopanaderia-server\system\Database\BaseConnection.php(391): CodeIgniter\Database\MySQLi\Connection->connect(false)
#1 C:\xampp\htdocs\proyectopanaderia-server\system\Database\BaseConnection.php(574): CodeIgniter\Database\BaseConnection->initialize()
#2 C:\xampp\htdocs\proyectopanaderia-server\system\Database\BaseBuilder.php(1616): CodeIgniter\Database\BaseConnection->query('SELECT *\nFROM `...', Array, false)
#3 C:\xampp\htdocs\proyectopanaderia-server\vendor\codeigniter4\settings\src\Handlers\DatabaseHandler.php(186): CodeIgniter\Database\BaseBuilder->get()
#4 C:\xampp\htdocs\proyectopanaderia-server\vendor\codeigniter4\settings\src\Handlers\DatabaseHandler.php(51): CodeIgniter\Settings\Handlers\DatabaseHandler->hydrate(NULL)
#5 C:\xampp\htdocs\proyectopanaderia-server\vendor\codeigniter4\settings\src\Settings.php(59): CodeIgniter\Settings\Handlers\DatabaseHandler->has('Config\\Auth', 'sessionConfig', NULL)
#6 C:\xampp\htdocs\proyectopanaderia-server\vendor\codeigniter4\settings\src\Helpers\setting_helper.php(25): CodeIgniter\Settings\Settings->get('Auth.sessionCon...')
#7 C:\xampp\htdocs\proyectopanaderia-server\vendor\codeigniter4\shield\src\Authentication\Authenticators\Session.php(685): setting('Auth.sessionCon...')
#8 C:\xampp\htdocs\proyectopanaderia-server\vendor\codeigniter4\shield\src\Authentication\Authenticators\Session.php(703): CodeIgniter\Shield\Authentication\Authenticators\Session->getSessionUserInfo()
#9 C:\xampp\htdocs\proyectopanaderia-server\vendor\codeigniter4\shield\src\Authentication\Authenticators\Session.php(390): CodeIgniter\Shield\Authentication\Authenticators\Session->getSessionUserKey('id')
#10 C:\xampp\htdocs\proyectopanaderia-server\vendor\codeigniter4\shield\src\Authentication\Authenticators\Session.php(374): CodeIgniter\Shield\Authentication\Authenticators\Session->checkUserState()
#11 C:\xampp\htdocs\proyectopanaderia-server\vendor\codeigniter4\shield\src\Auth.php(103): CodeIgniter\Shield\Authentication\Authenticators\Session->loggedIn()
#12 C:\xampp\htdocs\proyectopanaderia-server\vendor\codeigniter4\shield\src\Auth.php(115): CodeIgniter\Shield\Auth->user()
#13 C:\xampp\htdocs\proyectopanaderia-server\app\Controllers\Home.php(1141): CodeIgniter\Shield\Auth->id()
#14 C:\xampp\htdocs\proyectopanaderia-server\app\Controllers\Home.php(36): App\Controllers\Home->ObtenerId_User()
#15 C:\xampp\htdocs\proyectopanaderia-server\system\CodeIgniter.php(915): App\Controllers\Home->index()
#16 C:\xampp\htdocs\proyectopanaderia-server\system\CodeIgniter.php(492): CodeIgniter\CodeIgniter->runController(Object(App\Controllers\Home))
#17 C:\xampp\htdocs\proyectopanaderia-server\system\CodeIgniter.php(353): CodeIgniter\CodeIgniter->handleRequest(NULL, Object(Config\Cache), false)
#18 C:\xampp\htdocs\proyectopanaderia-server\public\index.php(79): CodeIgniter\CodeIgniter->run()
#19 C:\xampp\htdocs\proyectopanaderia-server\system\Commands\Server\rewrite.php(47): require_once('C:\\xampp\\htdocs...')
#20 {main}
CRITICAL - 2025-12-01 20:33:12 --> Unable to connect to the database.
Main connection [MySQLi]: Unknown database 'basepanav3.1'
in SYSTEMPATH\Database\BaseConnection.php on line 427.
 1 SYSTEMPATH\Database\BaseConnection.php(574): CodeIgniter\Database\BaseConnection->initialize()
 2 SYSTEMPATH\Database\BaseBuilder.php(1616): CodeIgniter\Database\BaseConnection->query('SELECT *
FROM `settings`
WHERE `context` IS NULL', [], false)
 3 VENDORPATH\codeigniter4\settings\src\Handlers\DatabaseHandler.php(186): CodeIgniter\Database\BaseBuilder->get()
 4 VENDORPATH\codeigniter4\settings\src\Handlers\DatabaseHandler.php(51): CodeIgniter\Settings\Handlers\DatabaseHandler->hydrate(null)
 5 VENDORPATH\codeigniter4\settings\src\Settings.php(59): CodeIgniter\Settings\Handlers\DatabaseHandler->has('Config\\Auth', 'sessionConfig', null)
 6 VENDORPATH\codeigniter4\settings\src\Helpers\setting_helper.php(25): CodeIgniter\Settings\Settings->get('Auth.sessionConfig')
 7 VENDORPATH\codeigniter4\shield\src\Authentication\Authenticators\Session.php(685): setting('Auth.sessionConfig')
 8 VENDORPATH\codeigniter4\shield\src\Authentication\Authenticators\Session.php(703): CodeIgniter\Shield\Authentication\Authenticators\Session->getSessionUserInfo()
 9 VENDORPATH\codeigniter4\shield\src\Authentication\Authenticators\Session.php(390): CodeIgniter\Shield\Authentication\Authenticators\Session->getSessionUserKey('id')
10 VENDORPATH\codeigniter4\shield\src\Authentication\Authenticators\Session.php(374): CodeIgniter\Shield\Authentication\Authenticators\Session->checkUserState()
11 VENDORPATH\codeigniter4\shield\src\Auth.php(103): CodeIgniter\Shield\Authentication\Authenticators\Session->loggedIn()
12 VENDORPATH\codeigniter4\shield\src\Auth.php(115): CodeIgniter\Shield\Auth->user()
13 APPPATH\Controllers\Home.php(1141): CodeIgniter\Shield\Auth->id()
14 APPPATH\Controllers\Home.php(36): App\Controllers\Home->ObtenerId_User()
15 SYSTEMPATH\CodeIgniter.php(915): App\Controllers\Home->index()
16 SYSTEMPATH\CodeIgniter.php(492): CodeIgniter\CodeIgniter->runController(Object(App\Controllers\Home))
17 SYSTEMPATH\CodeIgniter.php(353): CodeIgniter\CodeIgniter->handleRequest(null, Object(Config\Cache), false)
18 FCPATH\index.php(79): CodeIgniter\CodeIgniter->run()
19 SYSTEMPATH\Commands\Server\rewrite.php(47): require_once('C:\\xampp\\htdocs\\proyectopanaderia-server\\public\\index.php')
INFO - 2025-12-01 20:34:10 --> Session: Class initialized using 'CodeIgniter\Session\Handlers\FileHandler' driver.
CRITICAL - 2025-12-01 20:34:11 --> Attempt to read property "id" on array
in APPPATH\Controllers\Home.php on line 1143.
 1 APPPATH\Controllers\Home.php(1143): CodeIgniter\Debug\Exceptions->errorHandler(2, 'Attempt to read property "id" on array', 'C:\\xampp\\htdocs\\proyectopanaderia-server\\app\\Controllers\\Home.php', 1143)
 2 APPPATH\Controllers\Home.php(36): App\Controllers\Home->ObtenerId_User()
 3 SYSTEMPATH\CodeIgniter.php(915): App\Controllers\Home->index()
 4 SYSTEMPATH\CodeIgniter.php(492): CodeIgniter\CodeIgniter->runController(Object(App\Controllers\Home))
 5 SYSTEMPATH\CodeIgniter.php(353): CodeIgniter\CodeIgniter->handleRequest(null, Object(Config\Cache), false)
 6 FCPATH\index.php(79): CodeIgniter\CodeIgniter->run()
 7 SYSTEMPATH\Commands\Server\rewrite.php(47): require_once('C:\\xampp\\htdocs\\proyectopanaderia-server\\public\\index.php')
INFO - 2025-12-01 20:34:21 --> Session: Class initialized using 'CodeIgniter\Session\Handlers\FileHandler' driver.
INFO - 2025-12-01 20:34:21 --> Session: Class initialized using 'CodeIgniter\Session\Handlers\FileHandler' driver.
INFO - 2025-12-01 20:34:23 --> Session: Class initialized using 'CodeIgniter\Session\Handlers\FileHandler' driver.
INFO - 2025-12-01 20:34:27 --> Session: Class initialized using 'CodeIgniter\Session\Handlers\FileHandler' driver.
INFO - 2025-12-01 20:34:28 --> Session: Class initialized using 'CodeIgniter\Session\Handlers\FileHandler' driver.
INFO - 2025-12-01 20:34:29 --> Session: Class initialized using 'CodeIgniter\Session\Handlers\FileHandler' driver.
INFO - 2025-12-01 20:36:32 --> Session: Class initialized using 'CodeIgniter\Session\Handlers\FileHandler' driver.
INFO - 2025-12-01 20:36:32 --> Session: Class initialized using 'CodeIgniter\Session\Handlers\FileHandler' driver.
INFO - 2025-12-01 20:36:33 --> Session: Class initialized using 'CodeIgniter\Session\Handlers\FileHandler' driver.
INFO - 2025-12-01 20:36:36 --> Session: Class initialized using 'CodeIgniter\Session\Handlers\FileHandler' driver.
INFO - 2025-12-01 20:36:37 --> Session: Class initialized using 'CodeIgniter\Session\Handlers\FileHandler' driver.
INFO - 2025-12-01 20:36:41 --> Session: Class initialized using 'CodeIgniter\Session\Handlers\FileHandler' driver.
INFO - 2025-12-01 20:36:42 --> Session: Class initialized using 'CodeIgniter\Session\Handlers\FileHandler' driver.
INFO - 2025-12-01 14:36:45 --> Session: Class initialized using 'CodeIgniter\Session\Handlers\FileHandler' driver.
INFO - 2025-12-01 20:36:45 --> Session: Class initialized using 'CodeIgniter\Session\Handlers\FileHandler' driver.
INFO - 2025-12-01 20:36:50 --> Session: Class initialized using 'CodeIgniter\Session\Handlers\FileHandler' driver.
INFO - 2025-12-01 14:36:52 --> Session: Class initialized using 'CodeIgniter\Session\Handlers\FileHandler' driver.
INFO - 2025-12-01 20:36:52 --> Session: Class initialized using 'CodeIgniter\Session\Handlers\FileHandler' driver.
INFO - 2025-12-01 20:37:20 --> Session: Class initialized using 'CodeIgniter\Session\Handlers\FileHandler' driver.
INFO - 2025-12-01 20:37:22 --> Session: Class initialized using 'CodeIgniter\Session\Handlers\FileHandler' driver.
INFO - 2025-12-01 20:38:19 --> Session: Class initialized using 'CodeIgniter\Session\Handlers\FileHandler' driver.
INFO - 2025-12-01 20:38:19 --> Session: Class initialized using 'CodeIgniter\Session\Handlers\FileHandler' driver.
INFO - 2025-12-01 22:11:45 --> Session: Class initialized using 'CodeIgniter\Session\Handlers\FileHandler' driver.
INFO - 2025-12-01 22:11:47 --> Session: Class initialized using 'CodeIgniter\Session\Handlers\FileHandler' driver.
INFO - 2025-12-01 22:12:04 --> Session: Class initialized using 'CodeIgniter\Session\Handlers\FileHandler' driver.
INFO - 2025-12-01 22:12:08 --> Session: Class initialized using 'CodeIgniter\Session\Handlers\FileHandler' driver.
INFO - 2025-12-01 22:12:09 --> Session: Class initialized using 'CodeIgniter\Session\Handlers\FileHandler' driver.
INFO - 2025-12-01 22:12:12 --> Session: Class initialized using 'CodeIgniter\Session\Handlers\FileHandler' driver.
INFO - 2025-12-01 22:12:13 --> Session: Class initialized using 'CodeIgniter\Session\Handlers\FileHandler' driver.
INFO - 2025-12-01 22:12:15 --> Session: Class initialized using 'CodeIgniter\Session\Handlers\FileHandler' driver.
INFO - 2025-12-01 22:12:16 --> Session: Class initialized using 'CodeIgniter\Session\Handlers\FileHandler' driver.
INFO - 2025-12-01 22:12:26 --> Session: Class initialized using 'CodeIgniter\Session\Handlers\FileHandler' driver.
INFO - 2025-12-01 22:12:30 --> Session: Class initialized using 'CodeIgniter\Session\Handlers\FileHandler' driver.
INFO - 2025-12-01 22:12:30 --> Session: Class initialized using 'CodeIgniter\Session\Handlers\FileHandler' driver.
INFO - 2025-12-01 22:12:47 --> Session: Class initialized using 'CodeIgniter\Session\Handlers\FileHandler' driver.
ERROR - 2025-12-01 16:12:48 --> mysqli_sql_exception: Duplicate entry '0-1-22' for key 'PRIMARY' in C:\xampp\htdocs\proyectopanaderia-server\system\Database\MySQLi\Connection.php:306
Stack trace:
#0 C:\xampp\htdocs\proyectopanaderia-server\system\Database\MySQLi\Connection.php(306): mysqli->query('INSERT INTO `pr...', 0)
#1 C:\xampp\htdocs\proyectopanaderia-server\system\Database\BaseConnection.php(692): CodeIgniter\Database\MySQLi\Connection->execute('INSERT INTO `pr...')
#2 C:\xampp\htdocs\proyectopanaderia-server\system\Database\BaseConnection.php(606): CodeIgniter\Database\BaseConnection->simpleQuery('INSERT INTO `pr...')
#3 C:\xampp\htdocs\proyectopanaderia-server\system\Database\BaseBuilder.php(2309): CodeIgniter\Database\BaseConnection->query('INSERT INTO `pr...', Array, false)
#4 C:\xampp\htdocs\proyectopanaderia-server\system\Model.php(319): CodeIgniter\Database\BaseBuilder->insert()
#5 C:\xampp\htdocs\proyectopanaderia-server\system\BaseModel.php(788): CodeIgniter\Model->doInsert(Array)
#6 C:\xampp\htdocs\proyectopanaderia-server\system\Model.php(715): CodeIgniter\BaseModel->insert(Array, true)
#7 C:\xampp\htdocs\proyectopanaderia-server\app\Controllers\Home.php(544): CodeIgniter\Model->insert(Array)
#8 C:\xampp\htdocs\proyectopanaderia-server\system\CodeIgniter.php(915): App\Controllers\Home->Registro_de_produccion_de_hoy()
#9 C:\xampp\htdocs\proyectopanaderia-server\system\CodeIgniter.php(492): CodeIgniter\CodeIgniter->runController(Object(App\Controllers\Home))
#10 C:\xampp\htdocs\proyectopanaderia-server\system\CodeIgniter.php(353): CodeIgniter\CodeIgniter->handleRequest(NULL, Object(Config\Cache), false)
#11 C:\xampp\htdocs\proyectopanaderia-server\public\index.php(79): CodeIgniter\CodeIgniter->run()
#12 C:\xampp\htdocs\proyectopanaderia-server\system\Commands\Server\rewrite.php(47): require_once('C:\\xampp\\htdocs...')
#13 {main}
CRITICAL - 2025-12-01 16:12:48 --> Duplicate entry '0-1-22' for key 'PRIMARY'
in SYSTEMPATH\Database\BaseConnection.php on line 646.
 1 SYSTEMPATH\Database\BaseBuilder.php(2309): CodeIgniter\Database\BaseConnection->query('INSERT INTO `produccion_productos` (`Productos_idProductos`, `Cantidad_Realizada`, `users_id`) VALUES (:Productos_idProductos:, :Cantidad_Realizada:, :users_id:)', [...], false)
 2 SYSTEMPATH\Model.php(319): CodeIgniter\Database\BaseBuilder->insert()
 3 SYSTEMPATH\BaseModel.php(788): CodeIgniter\Model->doInsert([...])
 4 SYSTEMPATH\Model.php(715): CodeIgniter\BaseModel->insert([...], true)
 5 APPPATH\Controllers\Home.php(544): CodeIgniter\Model->insert([...])
 6 SYSTEMPATH\CodeIgniter.php(915): App\Controllers\Home->Registro_de_produccion_de_hoy()
 7 SYSTEMPATH\CodeIgniter.php(492): CodeIgniter\CodeIgniter->runController(Object(App\Controllers\Home))
 8 SYSTEMPATH\CodeIgniter.php(353): CodeIgniter\CodeIgniter->handleRequest(null, Object(Config\Cache), false)
 9 FCPATH\index.php(79): CodeIgniter\CodeIgniter->run()
10 SYSTEMPATH\Commands\Server\rewrite.php(47): require_once('C:\\xampp\\htdocs\\proyectopanaderia-server\\public\\index.php')
INFO - 2025-12-01 22:22:14 --> Session: Class initialized using 'CodeIgniter\Session\Handlers\FileHandler' driver.
ERROR - 2025-12-01 16:22:15 --> mysqli_sql_exception: Column 'id' cannot be null in C:\xampp\htdocs\proyectopanaderia-server\system\Database\MySQLi\Connection.php:306
Stack trace:
#0 C:\xampp\htdocs\proyectopanaderia-server\system\Database\MySQLi\Connection.php(306): mysqli->query('INSERT INTO `ta...', 0)
#1 C:\xampp\htdocs\proyectopanaderia-server\system\Database\BaseConnection.php(692): CodeIgniter\Database\MySQLi\Connection->execute('INSERT INTO `ta...')
#2 C:\xampp\htdocs\proyectopanaderia-server\system\Database\BaseConnection.php(606): CodeIgniter\Database\BaseConnection->simpleQuery('INSERT INTO `ta...')
#3 C:\xampp\htdocs\proyectopanaderia-server\system\Model.php(867): CodeIgniter\Database\BaseConnection->query('INSERT INTO `ta...')
#4 C:\xampp\htdocs\proyectopanaderia-server\app\Models\TablaProduccionFechaHasProductos.php(29): CodeIgniter\Model->__call('query', Array)
#5 C:\xampp\htdocs\proyectopanaderia-server\app\Controllers\Home.php(572): App\Models\TablaProduccionFechaHasProductos->insertar(0, 25)
#6 C:\xampp\htdocs\proyectopanaderia-server\system\CodeIgniter.php(915): App\Controllers\Home->Registro_de_produccion_de_hoy()
#7 C:\xampp\htdocs\proyectopanaderia-server\system\CodeIgniter.php(492): CodeIgniter\CodeIgniter->runController(Object(App\Controllers\Home))
#8 C:\xampp\htdocs\proyectopanaderia-server\system\CodeIgniter.php(353): CodeIgniter\CodeIgniter->handleRequest(NULL, Object(Config\Cache), false)
#9 C:\xampp\htdocs\proyectopanaderia-server\public\index.php(79): CodeIgniter\CodeIgniter->run()
#10 C:\xampp\htdocs\proyectopanaderia-server\system\Commands\Server\rewrite.php(47): require_once('C:\\xampp\\htdocs...')
#11 {main}
CRITICAL - 2025-12-01 16:22:15 --> Column 'id' cannot be null
in SYSTEMPATH\Database\BaseConnection.php on line 646.
 1 SYSTEMPATH\Model.php(867): CodeIgniter\Database\BaseConnection->query('INSERT INTO `tabla_produccion_fecha_has_produccion_productos` 
    (`id`, `Tabla_Produccion_idTabla_Produccion_Fecha`, `Produccion_Productos_idProduccion_Productos`)
     VALUES (NULL, \'0\', \'25\')')
 2 APPPATH\Models\TablaProduccionFechaHasProductos.php(29): CodeIgniter\Model->__call('query', [...])
 3 APPPATH\Controllers\Home.php(572): App\Models\TablaProduccionFechaHasProductos->insertar(0, 25)
 4 SYSTEMPATH\CodeIgniter.php(915): App\Controllers\Home->Registro_de_produccion_de_hoy()
 5 SYSTEMPATH\CodeIgniter.php(492): CodeIgniter\CodeIgniter->runController(Object(App\Controllers\Home))
 6 SYSTEMPATH\CodeIgniter.php(353): CodeIgniter\CodeIgniter->handleRequest(null, Object(Config\Cache), false)
 7 FCPATH\index.php(79): CodeIgniter\CodeIgniter->run()
 8 SYSTEMPATH\Commands\Server\rewrite.php(47): require_once('C:\\xampp\\htdocs\\proyectopanaderia-server\\public\\index.php')
INFO - 2025-12-01 22:41:55 --> Session: Class initialized using 'CodeIgniter\Session\Handlers\FileHandler' driver.
INFO - 2025-12-01 22:41:56 --> Session: Class initialized using 'CodeIgniter\Session\Handlers\FileHandler' driver.
INFO - 2025-12-01 22:42:04 --> Session: Class initialized using 'CodeIgniter\Session\Handlers\FileHandler' driver.
INFO - 2025-12-01 22:42:08 --> Session: Class initialized using 'CodeIgniter\Session\Handlers\FileHandler' driver.
INFO - 2025-12-01 22:42:08 --> Session: Class initialized using 'CodeIgniter\Session\Handlers\FileHandler' driver.
INFO - 2025-12-01 22:42:18 --> Session: Class initialized using 'CodeIgniter\Session\Handlers\FileHandler' driver.
CRITICAL - 2025-12-01 16:42:18 --> count(): Argument #1 ($value) must be of type Countable|array, bool given
in APPPATH\Controllers\Home.php on line 541.
 1 APPPATH\Controllers\Home.php(541): count(false)
 2 SYSTEMPATH\CodeIgniter.php(915): App\Controllers\Home->Registro_de_produccion_de_hoy()
 3 SYSTEMPATH\CodeIgniter.php(492): CodeIgniter\CodeIgniter->runController(Object(App\Controllers\Home))
 4 SYSTEMPATH\CodeIgniter.php(353): CodeIgniter\CodeIgniter->handleRequest(null, Object(Config\Cache), false)
 5 FCPATH\index.php(79): CodeIgniter\CodeIgniter->run()
 6 SYSTEMPATH\Commands\Server\rewrite.php(47): require_once('C:\\xampp\\htdocs\\proyectopanaderia-server\\public\\index.php')
INFO - 2025-12-01 22:42:42 --> Session: Class initialized using 'CodeIgniter\Session\Handlers\FileHandler' driver.
INFO - 2025-12-01 22:42:45 --> Session: Class initialized using 'CodeIgniter\Session\Handlers\FileHandler' driver.
INFO - 2025-12-01 22:42:46 --> Session: Class initialized using 'CodeIgniter\Session\Handlers\FileHandler' driver.
INFO - 2025-12-01 16:42:52 --> Session: Class initialized using 'CodeIgniter\Session\Handlers\FileHandler' driver.
INFO - 2025-12-01 22:42:53 --> Session: Class initialized using 'CodeIgniter\Session\Handlers\FileHandler' driver.
INFO - 2025-12-01 22:44:39 --> Session: Class initialized using 'CodeIgniter\Session\Handlers\FileHandler' driver.
INFO - 2025-12-01 22:44:40 --> Session: Class initialized using 'CodeIgniter\Session\Handlers\FileHandler' driver.
